03-Feb-2026 21:48:49.132 INFO [main] org.apache.catalina.startup.VersionLoggerListener.log Server version name:   Apache Tomcat/9.0.115
03-Feb-2026 21:48:49.135 INFO [main] org.apache.catalina.startup.VersionLoggerListener.log Server built:          Jan 21 2026 08:17:26 UTC
03-Feb-2026 21:48:49.135 INFO [main] org.apache.catalina.startup.VersionLoggerListener.log Server version number: 9.0.115.0
03-Feb-2026 21:48:49.136 INFO [main] org.apache.catalina.startup.VersionLoggerListener.log OS Name:               Mac OS X
03-Feb-2026 21:48:49.136 INFO [main] org.apache.catalina.startup.VersionLoggerListener.log OS Version:            26.2
03-Feb-2026 21:48:49.136 INFO [main] org.apache.catalina.startup.VersionLoggerListener.log Architecture:          aarch64
03-Feb-2026 21:48:49.136 INFO [main] org.apache.catalina.startup.VersionLoggerListener.log Java Home:             /Library/Java/JavaVirtualMachines/jdk-25.jdk/Contents/Home
03-Feb-2026 21:48:49.137 INFO [main] org.apache.catalina.startup.VersionLoggerListener.log JVM Version:           25+37-LTS-3491
03-Feb-2026 21:48:49.137 INFO [main] org.apache.catalina.startup.VersionLoggerListener.log JVM Vendor:            Oracle Corporation
03-Feb-2026 21:48:49.137 INFO [main] org.apache.catalina.startup.VersionLoggerListener.log CATALINA_BASE:         /Users/erictran/Downloads/apache-tomcat-9.0.115
03-Feb-2026 21:48:49.139 INFO [main] org.apache.catalina.startup.VersionLoggerListener.log CATALINA_HOME:         /Users/erictran/Downloads/apache-tomcat-9.0.115
03-Feb-2026 21:48:49.147 INFO [main] org.apache.catalina.startup.VersionLoggerListener.log Command line argument: --add-opens=java.base/java.lang=ALL-UNNAMED
03-Feb-2026 21:48:49.147 INFO [main] org.apache.catalina.startup.VersionLoggerListener.log Command line argument: --add-opens=java.base/java.lang.invoke=ALL-UNNAMED
03-Feb-2026 21:48:49.147 INFO [main] org.apache.catalina.startup.VersionLoggerListener.log Command line argument: --add-opens=java.base/java.lang.reflect=ALL-UNNAMED
03-Feb-2026 21:48:49.147 INFO [main] org.apache.catalina.startup.VersionLoggerListener.log Command line argument: --add-opens=java.base/java.io=ALL-UNNAMED
03-Feb-2026 21:48:49.147 INFO [main] org.apache.catalina.startup.VersionLoggerListener.log Command line argument: --add-opens=java.base/java.util=ALL-UNNAMED
03-Feb-2026 21:48:49.147 INFO [main] org.apache.catalina.startup.VersionLoggerListener.log Command line argument: --add-opens=java.base/java.util.concurrent=ALL-UNNAMED
03-Feb-2026 21:48:49.147 INFO [main] org.apache.catalina.startup.VersionLoggerListener.log Command line argument: --add-opens=java.rmi/sun.rmi.transport=ALL-UNNAMED
03-Feb-2026 21:48:49.147 INFO [main] org.apache.catalina.startup.VersionLoggerListener.log Command line argument: -Djava.util.logging.config.file=/Users/erictran/Downloads/apache-tomcat-9.0.115/conf/logging.properties
03-Feb-2026 21:48:49.148 INFO [main] org.apache.catalina.startup.VersionLoggerListener.log Command line argument: -Djava.util.logging.manager=org.apache.juli.ClassLoaderLogManager
03-Feb-2026 21:48:49.148 INFO [main] org.apache.catalina.startup.VersionLoggerListener.log Command line argument: -Djdk.tls.ephemeralDHKeySize=2048
03-Feb-2026 21:48:49.148 INFO [main] org.apache.catalina.startup.VersionLoggerListener.log Command line argument: -Djava.protocol.handler.pkgs=org.apache.catalina.webresources
03-Feb-2026 21:48:49.148 INFO [main] org.apache.catalina.startup.VersionLoggerListener.log Command line argument: -Dsun.io.useCanonCaches=false
03-Feb-2026 21:48:49.148 INFO [main] org.apache.catalina.startup.VersionLoggerListener.log Command line argument: -Dorg.apache.catalina.security.SecurityListener.UMASK=0027
03-Feb-2026 21:48:49.148 INFO [main] org.apache.catalina.startup.VersionLoggerListener.log Command line argument: -Dignore.endorsed.dirs=
03-Feb-2026 21:48:49.148 INFO [main] org.apache.catalina.startup.VersionLoggerListener.log Command line argument: -Dcatalina.base=/Users/erictran/Downloads/apache-tomcat-9.0.115
03-Feb-2026 21:48:49.148 INFO [main] org.apache.catalina.startup.VersionLoggerListener.log Command line argument: -Dcatalina.home=/Users/erictran/Downloads/apache-tomcat-9.0.115
03-Feb-2026 21:48:49.148 INFO [main] org.apache.catalina.startup.VersionLoggerListener.log Command line argument: -Djava.io.tmpdir=/Users/erictran/Downloads/apache-tomcat-9.0.115/temp
03-Feb-2026 21:48:49.153 INFO [main] org.apache.catalina.core.AprLifecycleListener.lifecycleEvent The Apache Tomcat Native library which allows using OpenSSL was not found on the java.library.path: [/Users/erictran/Library/Java/Extensions:/Library/Java/Extensions:/Network/Library/Java/Extensions:/System/Library/Java/Extensions:/usr/lib/java:.]
03-Feb-2026 21:48:49.285 INFO [main] org.apache.coyote.AbstractProtocol.init Initializing ProtocolHandler ["http-nio-8080"]
03-Feb-2026 21:48:49.301 INFO [main] org.apache.catalina.startup.Catalina.load Server initialization in [258] milliseconds
03-Feb-2026 21:48:49.317 INFO [main] org.apache.catalina.core.StandardService.startInternal Starting service [Catalina]
03-Feb-2026 21:48:49.317 INFO [main] org.apache.catalina.core.StandardEngine.startInternal Starting Servlet engine: [Apache Tomcat/9.0.115]
03-Feb-2026 21:48:49.320 INFO [main] org.apache.catalina.startup.HostConfig.deployDirectory Deploying web application directory [/Users/erictran/Downloads/apache-tomcat-9.0.115/webapps/docs]
03-Feb-2026 21:48:49.426 INFO [main] org.apache.catalina.startup.HostConfig.deployDirectory Deployment of web application directory [/Users/erictran/Downloads/apache-tomcat-9.0.115/webapps/docs] has finished in [104] ms
03-Feb-2026 21:48:49.426 INFO [main] org.apache.catalina.startup.HostConfig.deployDirectory Deploying web application directory [/Users/erictran/Downloads/apache-tomcat-9.0.115/webapps/manager]
03-Feb-2026 21:48:49.440 INFO [main] org.apache.catalina.startup.HostConfig.deployDirectory Deployment of web application directory [/Users/erictran/Downloads/apache-tomcat-9.0.115/webapps/manager] has finished in [13] ms
03-Feb-2026 21:48:49.440 INFO [main] org.apache.catalina.startup.HostConfig.deployDirectory Deploying web application directory [/Users/erictran/Downloads/apache-tomcat-9.0.115/webapps/examples]
03-Feb-2026 21:48:49.533 INFO [main] org.apache.catalina.startup.HostConfig.deployDirectory Deployment of web application directory [/Users/erictran/Downloads/apache-tomcat-9.0.115/webapps/examples] has finished in [93] ms
03-Feb-2026 21:48:49.533 INFO [main] org.apache.catalina.startup.HostConfig.deployDirectory Deploying web application directory [/Users/erictran/Downloads/apache-tomcat-9.0.115/webapps/ROOT]
03-Feb-2026 21:48:49.539 INFO [main] org.apache.catalina.startup.HostConfig.deployDirectory Deployment of web application directory [/Users/erictran/Downloads/apache-tomcat-9.0.115/webapps/ROOT] has finished in [6] ms
03-Feb-2026 21:48:49.539 INFO [main] org.apache.catalina.startup.HostConfig.deployDirectory Deploying web application directory [/Users/erictran/Downloads/apache-tomcat-9.0.115/webapps/host-manager]
03-Feb-2026 21:48:49.546 INFO [main] org.apache.catalina.startup.HostConfig.deployDirectory Deployment of web application directory [/Users/erictran/Downloads/apache-tomcat-9.0.115/webapps/host-manager] has finished in [7] ms
03-Feb-2026 21:48:49.547 INFO [main] org.apache.coyote.AbstractProtocol.start Starting ProtocolHandler ["http-nio-8080"]
03-Feb-2026 21:48:49.551 INFO [main] org.apache.catalina.startup.Catalina.start Server startup in [249] milliseconds
03-Feb-2026 21:50:16.492 INFO [main] org.apache.catalina.core.StandardServer.await A valid shutdown command was received via the shutdown port. Stopping the Server instance.
03-Feb-2026 21:50:16.493 INFO [main] org.apache.coyote.AbstractProtocol.pause Pausing ProtocolHandler ["http-nio-8080"]
03-Feb-2026 21:50:17.496 INFO [main] org.apache.catalina.core.StandardService.stopInternal Stopping service [Catalina]
03-Feb-2026 21:50:17.519 INFO [main] org.apache.coyote.AbstractProtocol.stop Stopping ProtocolHandler ["http-nio-8080"]
03-Feb-2026 21:50:18.124 WARNING [main] org.apache.tomcat.util.net.Acceptor.stopMillis The acceptor thread [http-nio-8080-Acceptor] did not stop cleanly
03-Feb-2026 21:50:18.126 INFO [main] org.apache.coyote.AbstractProtocol.destroy Destroying ProtocolHandler ["http-nio-8080"]
