NOTE: Picked up JDK_JAVA_OPTIONS:  --add-opens=java.base/java.lang=ALL-UNNAMED --add-opens=java.base/java.lang.invoke=ALL-UNNAMED --add-opens=java.base/java.lang.reflect=ALL-UNNAMED --add-opens=java.base/java.io=ALL-UNNAMED --add-opens=java.base/java.util=ALL-UNNAMED --add-opens=java.base/java.util.concurrent=ALL-UNNAMED --add-opens=java.rmi/sun.rmi.transport=ALL-UNNAMED
03-Feb-2026 21:48:49.132 INFO [main] org.apache.catalina.startup.VersionLoggerListener.log Server version name:   Apache Tomcat/9.0.115
03-Feb-2026 21:48:49.135 INFO [main] org.apache.catalina.startup.VersionLoggerListener.log Server built:          Jan 21 2026 08:17:26 UTC
03-Feb-2026 21:48:49.135 INFO [main] org.apache.catalina.startup.VersionLoggerListener.log Server version number: 9.0.115.0
03-Feb-2026 21:48:49.136 INFO [main] org.apache.catalina.startup.VersionLoggerListener.log OS Name:               Mac OS X
03-Feb-2026 21:48:49.136 INFO [main] org.apache.catalina.startup.VersionLoggerListener.log OS Version:            26.2
03-Feb-2026 21:48:49.136 INFO [main] org.apache.catalina.startup.VersionLoggerListener.log Architecture:          aarch64
03-Feb-2026 21:48:49.136 INFO [main] org.apache.catalina.startup.VersionLoggerListener.log Java Home:             /Library/Java/JavaVirtualMachines/jdk-25.jdk/Contents/Home
03-Feb-2026 21:48:49.137 INFO [main] org.apache.catalina.startup.VersionLoggerListener.log JVM Version:           25+37-LTS-3491
03-Feb-2026 21:48:49.137 INFO [main] org.apache.catalina.startup.VersionLoggerListener.log JVM Vendor:            Oracle Corporation
03-Feb-2026 21:48:49.137 INFO [main] org.apache.catalina.startup.VersionLoggerListener.log CATALINA_BASE:         /Users/erictran/Downloads/apache-tomcat-9.0.115
03-Feb-2026 21:48:49.139 INFO [main] org.apache.catalina.startup.VersionLoggerListener.log CATALINA_HOME:         /Users/erictran/Downloads/apache-tomcat-9.0.115
03-Feb-2026 21:48:49.147 INFO [main] org.apache.catalina.startup.VersionLoggerListener.log Command line argument: --add-opens=java.base/java.lang=ALL-UNNAMED
03-Feb-2026 21:48:49.147 INFO [main] org.apache.catalina.startup.VersionLoggerListener.log Command line argument: --add-opens=java.base/java.lang.invoke=ALL-UNNAMED
03-Feb-2026 21:48:49.147 INFO [main] org.apache.catalina.startup.VersionLoggerListener.log Command line argument: --add-opens=java.base/java.lang.reflect=ALL-UNNAMED
03-Feb-2026 21:48:49.147 INFO [main] org.apache.catalina.startup.VersionLoggerListener.log Command line argument: --add-opens=java.base/java.io=ALL-UNNAMED
03-Feb-2026 21:48:49.147 INFO [main] org.apache.catalina.startup.VersionLoggerListener.log Command line argument: --add-opens=java.base/java.util=ALL-UNNAMED
03-Feb-2026 21:48:49.147 INFO [main] org.apache.catalina.startup.VersionLoggerListener.log Command line argument: --add-opens=java.base/java.util.concurrent=ALL-UNNAMED
03-Feb-2026 21:48:49.147 INFO [main] org.apache.catalina.startup.VersionLoggerListener.log Command line argument: --add-opens=java.rmi/sun.rmi.transport=ALL-UNNAMED
03-Feb-2026 21:48:49.147 INFO [main] org.apache.catalina.startup.VersionLoggerListener.log Command line argument: -Djava.util.logging.config.file=/Users/erictran/Downloads/apache-tomcat-9.0.115/conf/logging.properties
03-Feb-2026 21:48:49.148 INFO [main] org.apache.catalina.startup.VersionLoggerListener.log Command line argument: -Djava.util.logging.manager=org.apache.juli.ClassLoaderLogManager
03-Feb-2026 21:48:49.148 INFO [main] org.apache.catalina.startup.VersionLoggerListener.log Command line argument: -Djdk.tls.ephemeralDHKeySize=2048
03-Feb-2026 21:48:49.148 INFO [main] org.apache.catalina.startup.VersionLoggerListener.log Command line argument: -Djava.protocol.handler.pkgs=org.apache.catalina.webresources
03-Feb-2026 21:48:49.148 INFO [main] org.apache.catalina.startup.VersionLoggerListener.log Command line argument: -Dsun.io.useCanonCaches=false
03-Feb-2026 21:48:49.148 INFO [main] org.apache.catalina.startup.VersionLoggerListener.log Command line argument: -Dorg.apache.catalina.security.SecurityListener.UMASK=0027
03-Feb-2026 21:48:49.148 INFO [main] org.apache.catalina.startup.VersionLoggerListener.log Command line argument: -Dignore.endorsed.dirs=
03-Feb-2026 21:48:49.148 INFO [main] org.apache.catalina.startup.VersionLoggerListener.log Command line argument: -Dcatalina.base=/Users/erictran/Downloads/apache-tomcat-9.0.115
03-Feb-2026 21:48:49.148 INFO [main] org.apache.catalina.startup.VersionLoggerListener.log Command line argument: -Dcatalina.home=/Users/erictran/Downloads/apache-tomcat-9.0.115
03-Feb-2026 21:48:49.148 INFO [main] org.apache.catalina.startup.VersionLoggerListener.log Command line argument: -Djava.io.tmpdir=/Users/erictran/Downloads/apache-tomcat-9.0.115/temp
WARNING: A restricted method in java.lang.System has been called
WARNING: java.lang.System::load has been called by org.apache.tomcat.jni.Library in an unnamed module (file:/Users/erictran/Downloads/apache-tomcat-9.0.115/lib/tomcat-jni.jar)
WARNING: Use --enable-native-access=ALL-UNNAMED to avoid a warning for callers in this module
WARNING: Restricted methods will be blocked in a future release unless native access is enabled

03-Feb-2026 21:48:49.153 INFO [main] org.apache.catalina.core.AprLifecycleListener.lifecycleEvent The Apache Tomcat Native library which allows using OpenSSL was not found on the java.library.path: [/Users/erictran/Library/Java/Extensions:/Library/Java/Extensions:/Network/Library/Java/Extensions:/System/Library/Java/Extensions:/usr/lib/java:.]
03-Feb-2026 21:48:49.285 INFO [main] org.apache.coyote.AbstractProtocol.init Initializing ProtocolHandler ["http-nio-8080"]
03-Feb-2026 21:48:49.301 INFO [main] org.apache.catalina.startup.Catalina.load Server initialization in [258] milliseconds
03-Feb-2026 21:48:49.317 INFO [main] org.apache.catalina.core.StandardService.startInternal Starting service [Catalina]
03-Feb-2026 21:48:49.317 INFO [main] org.apache.catalina.core.StandardEngine.startInternal Starting Servlet engine: [Apache Tomcat/9.0.115]
03-Feb-2026 21:48:49.320 INFO [main] org.apache.catalina.startup.HostConfig.deployDirectory Deploying web application directory [/Users/erictran/Downloads/apache-tomcat-9.0.115/webapps/docs]
03-Feb-2026 21:48:49.426 INFO [main] org.apache.catalina.startup.HostConfig.deployDirectory Deployment of web application directory [/Users/erictran/Downloads/apache-tomcat-9.0.115/webapps/docs] has finished in [104] ms
03-Feb-2026 21:48:49.426 INFO [main] org.apache.catalina.startup.HostConfig.deployDirectory Deploying web application directory [/Users/erictran/Downloads/apache-tomcat-9.0.115/webapps/manager]
03-Feb-2026 21:48:49.440 INFO [main] org.apache.catalina.startup.HostConfig.deployDirectory Deployment of web application directory [/Users/erictran/Downloads/apache-tomcat-9.0.115/webapps/manager] has finished in [13] ms
03-Feb-2026 21:48:49.440 INFO [main] org.apache.catalina.startup.HostConfig.deployDirectory Deploying web application directory [/Users/erictran/Downloads/apache-tomcat-9.0.115/webapps/examples]
03-Feb-2026 21:48:49.533 INFO [main] org.apache.catalina.startup.HostConfig.deployDirectory Deployment of web application directory [/Users/erictran/Downloads/apache-tomcat-9.0.115/webapps/examples] has finished in [93] ms
03-Feb-2026 21:48:49.533 INFO [main] org.apache.catalina.startup.HostConfig.deployDirectory Deploying web application directory [/Users/erictran/Downloads/apache-tomcat-9.0.115/webapps/ROOT]
03-Feb-2026 21:48:49.539 INFO [main] org.apache.catalina.startup.HostConfig.deployDirectory Deployment of web application directory [/Users/erictran/Downloads/apache-tomcat-9.0.115/webapps/ROOT] has finished in [6] ms
03-Feb-2026 21:48:49.539 INFO [main] org.apache.catalina.startup.HostConfig.deployDirectory Deploying web application directory [/Users/erictran/Downloads/apache-tomcat-9.0.115/webapps/host-manager]
03-Feb-2026 21:48:49.546 INFO [main] org.apache.catalina.startup.HostConfig.deployDirectory Deployment of web application directory [/Users/erictran/Downloads/apache-tomcat-9.0.115/webapps/host-manager] has finished in [7] ms
03-Feb-2026 21:48:49.547 INFO [main] org.apache.coyote.AbstractProtocol.start Starting ProtocolHandler ["http-nio-8080"]
03-Feb-2026 21:48:49.551 INFO [main] org.apache.catalina.startup.Catalina.start Server startup in [249] milliseconds
03-Feb-2026 21:50:16.492 INFO [main] org.apache.catalina.core.StandardServer.await A valid shutdown command was received via the shutdown port. Stopping the Server instance.
03-Feb-2026 21:50:16.493 INFO [main] org.apache.coyote.AbstractProtocol.pause Pausing ProtocolHandler ["http-nio-8080"]
03-Feb-2026 21:50:17.496 INFO [main] org.apache.catalina.core.StandardService.stopInternal Stopping service [Catalina]
03-Feb-2026 21:50:17.519 INFO [main] org.apache.coyote.AbstractProtocol.stop Stopping ProtocolHandler ["http-nio-8080"]
03-Feb-2026 21:50:18.124 WARNING [main] org.apache.tomcat.util.net.Acceptor.stopMillis The acceptor thread [http-nio-8080-Acceptor] did not stop cleanly
03-Feb-2026 21:50:18.126 INFO [main] org.apache.coyote.AbstractProtocol.destroy Destroying ProtocolHandler ["http-nio-8080"]
NOTE: Picked up JDK_JAVA_OPTIONS:  --add-opens=java.base/java.lang=ALL-UNNAMED --add-opens=java.base/java.lang.invoke=ALL-UNNAMED --add-opens=java.base/java.lang.reflect=ALL-UNNAMED --add-opens=java.base/java.io=ALL-UNNAMED --add-opens=java.base/java.util=ALL-UNNAMED --add-opens=java.base/java.util.concurrent=ALL-UNNAMED --add-opens=java.rmi/sun.rmi.transport=ALL-UNNAMED
05-Feb-2026 17:51:32.078 INFO [main] org.apache.catalina.startup.VersionLoggerListener.log Server version name:   Apache Tomcat/9.0.115
05-Feb-2026 17:51:32.080 INFO [main] org.apache.catalina.startup.VersionLoggerListener.log Server built:          Jan 21 2026 08:17:26 UTC
05-Feb-2026 17:51:32.080 INFO [main] org.apache.catalina.startup.VersionLoggerListener.log Server version number: 9.0.115.0
05-Feb-2026 17:51:32.080 INFO [main] org.apache.catalina.startup.VersionLoggerListener.log OS Name:               Mac OS X
05-Feb-2026 17:51:32.080 INFO [main] org.apache.catalina.startup.VersionLoggerListener.log OS Version:            26.2
05-Feb-2026 17:51:32.080 INFO [main] org.apache.catalina.startup.VersionLoggerListener.log Architecture:          aarch64
05-Feb-2026 17:51:32.080 INFO [main] org.apache.catalina.startup.VersionLoggerListener.log Java Home:             /Library/Java/JavaVirtualMachines/jdk-25.jdk/Contents/Home
05-Feb-2026 17:51:32.080 INFO [main] org.apache.catalina.startup.VersionLoggerListener.log JVM Version:           25+37-LTS-3491
05-Feb-2026 17:51:32.080 INFO [main] org.apache.catalina.startup.VersionLoggerListener.log JVM Vendor:            Oracle Corporation
05-Feb-2026 17:51:32.080 INFO [main] org.apache.catalina.startup.VersionLoggerListener.log CATALINA_BASE:         /Users/erictran/Downloads/apache-tomcat-9.0.115
05-Feb-2026 17:51:32.080 INFO [main] org.apache.catalina.startup.VersionLoggerListener.log CATALINA_HOME:         /Users/erictran/Downloads/apache-tomcat-9.0.115
05-Feb-2026 17:51:32.092 INFO [main] org.apache.catalina.startup.VersionLoggerListener.log Command line argument: --add-opens=java.base/java.lang=ALL-UNNAMED
05-Feb-2026 17:51:32.092 INFO [main] org.apache.catalina.startup.VersionLoggerListener.log Command line argument: --add-opens=java.base/java.lang.invoke=ALL-UNNAMED
05-Feb-2026 17:51:32.092 INFO [main] org.apache.catalina.startup.VersionLoggerListener.log Command line argument: --add-opens=java.base/java.lang.reflect=ALL-UNNAMED
05-Feb-2026 17:51:32.092 INFO [main] org.apache.catalina.startup.VersionLoggerListener.log Command line argument: --add-opens=java.base/java.io=ALL-UNNAMED
05-Feb-2026 17:51:32.092 INFO [main] org.apache.catalina.startup.VersionLoggerListener.log Command line argument: --add-opens=java.base/java.util=ALL-UNNAMED
05-Feb-2026 17:51:32.092 INFO [main] org.apache.catalina.startup.VersionLoggerListener.log Command line argument: --add-opens=java.base/java.util.concurrent=ALL-UNNAMED
05-Feb-2026 17:51:32.093 INFO [main] org.apache.catalina.startup.VersionLoggerListener.log Command line argument: --add-opens=java.rmi/sun.rmi.transport=ALL-UNNAMED
05-Feb-2026 17:51:32.093 INFO [main] org.apache.catalina.startup.VersionLoggerListener.log Command line argument: -Djava.util.logging.config.file=/Users/erictran/Downloads/apache-tomcat-9.0.115/conf/logging.properties
05-Feb-2026 17:51:32.093 INFO [main] org.apache.catalina.startup.VersionLoggerListener.log Command line argument: -Djava.util.logging.manager=org.apache.juli.ClassLoaderLogManager
05-Feb-2026 17:51:32.093 INFO [main] org.apache.catalina.startup.VersionLoggerListener.log Command line argument: -Djdk.tls.ephemeralDHKeySize=2048
05-Feb-2026 17:51:32.093 INFO [main] org.apache.catalina.startup.VersionLoggerListener.log Command line argument: -Djava.protocol.handler.pkgs=org.apache.catalina.webresources
05-Feb-2026 17:51:32.093 INFO [main] org.apache.catalina.startup.VersionLoggerListener.log Command line argument: -Dsun.io.useCanonCaches=false
05-Feb-2026 17:51:32.093 INFO [main] org.apache.catalina.startup.VersionLoggerListener.log Command line argument: -Dorg.apache.catalina.security.SecurityListener.UMASK=0027
05-Feb-2026 17:51:32.093 INFO [main] org.apache.catalina.startup.VersionLoggerListener.log Command line argument: -Dignore.endorsed.dirs=
05-Feb-2026 17:51:32.093 INFO [main] org.apache.catalina.startup.VersionLoggerListener.log Command line argument: -Dcatalina.base=/Users/erictran/Downloads/apache-tomcat-9.0.115
05-Feb-2026 17:51:32.093 INFO [main] org.apache.catalina.startup.VersionLoggerListener.log Command line argument: -Dcatalina.home=/Users/erictran/Downloads/apache-tomcat-9.0.115
05-Feb-2026 17:51:32.093 INFO [main] org.apache.catalina.startup.VersionLoggerListener.log Command line argument: -Djava.io.tmpdir=/Users/erictran/Downloads/apache-tomcat-9.0.115/temp
WARNING: A restricted method in java.lang.System has been called
WARNING: java.lang.System::load has been called by org.apache.tomcat.jni.Library in an unnamed module (file:/Users/erictran/Downloads/apache-tomcat-9.0.115/lib/tomcat-jni.jar)
WARNING: Use --enable-native-access=ALL-UNNAMED to avoid a warning for callers in this module
WARNING: Restricted methods will be blocked in a future release unless native access is enabled

05-Feb-2026 17:51:32.098 INFO [main] org.apache.catalina.core.AprLifecycleListener.lifecycleEvent The Apache Tomcat Native library which allows using OpenSSL was not found on the java.library.path: [/Users/erictran/Library/Java/Extensions:/Library/Java/Extensions:/Network/Library/Java/Extensions:/System/Library/Java/Extensions:/usr/lib/java:.]
05-Feb-2026 17:51:32.230 INFO [main] org.apache.coyote.AbstractProtocol.init Initializing ProtocolHandler ["http-nio-8080"]
05-Feb-2026 17:51:32.247 INFO [main] org.apache.catalina.startup.Catalina.load Server initialization in [252] milliseconds
05-Feb-2026 17:51:32.262 INFO [main] org.apache.catalina.core.StandardService.startInternal Starting service [Catalina]
05-Feb-2026 17:51:32.262 INFO [main] org.apache.catalina.core.StandardEngine.startInternal Starting Servlet engine: [Apache Tomcat/9.0.115]
05-Feb-2026 17:51:32.265 INFO [main] org.apache.catalina.startup.HostConfig.deployDirectory Deploying web application directory [/Users/erictran/Downloads/apache-tomcat-9.0.115/webapps/docs]
05-Feb-2026 17:51:32.368 INFO [main] org.apache.catalina.startup.HostConfig.deployDirectory Deployment of web application directory [/Users/erictran/Downloads/apache-tomcat-9.0.115/webapps/docs] has finished in [101] ms
05-Feb-2026 17:51:32.368 INFO [main] org.apache.catalina.startup.HostConfig.deployDirectory Deploying web application directory [/Users/erictran/Downloads/apache-tomcat-9.0.115/webapps/manager]
05-Feb-2026 17:51:32.381 INFO [main] org.apache.catalina.startup.HostConfig.deployDirectory Deployment of web application directory [/Users/erictran/Downloads/apache-tomcat-9.0.115/webapps/manager] has finished in [13] ms
05-Feb-2026 17:51:32.381 INFO [main] org.apache.catalina.startup.HostConfig.deployDirectory Deploying web application directory [/Users/erictran/Downloads/apache-tomcat-9.0.115/webapps/examples]
05-Feb-2026 17:51:32.476 INFO [main] org.apache.catalina.startup.HostConfig.deployDirectory Deployment of web application directory [/Users/erictran/Downloads/apache-tomcat-9.0.115/webapps/examples] has finished in [95] ms
05-Feb-2026 17:51:32.477 INFO [main] org.apache.catalina.startup.HostConfig.deployDirectory Deploying web application directory [/Users/erictran/Downloads/apache-tomcat-9.0.115/webapps/ROOT]
05-Feb-2026 17:51:32.482 INFO [main] org.apache.catalina.startup.HostConfig.deployDirectory Deployment of web application directory [/Users/erictran/Downloads/apache-tomcat-9.0.115/webapps/ROOT] has finished in [6] ms
05-Feb-2026 17:51:32.483 INFO [main] org.apache.catalina.startup.HostConfig.deployDirectory Deploying web application directory [/Users/erictran/Downloads/apache-tomcat-9.0.115/webapps/host-manager]
05-Feb-2026 17:51:32.489 INFO [main] org.apache.catalina.startup.HostConfig.deployDirectory Deployment of web application directory [/Users/erictran/Downloads/apache-tomcat-9.0.115/webapps/host-manager] has finished in [7] ms
05-Feb-2026 17:51:32.491 INFO [main] org.apache.coyote.AbstractProtocol.start Starting ProtocolHandler ["http-nio-8080"]
05-Feb-2026 17:51:32.495 INFO [main] org.apache.catalina.startup.Catalina.start Server startup in [247] milliseconds
05-Feb-2026 18:30:56.963 INFO [main] org.apache.catalina.core.StandardServer.await A valid shutdown command was received via the shutdown port. Stopping the Server instance.
05-Feb-2026 18:30:56.964 INFO [main] org.apache.coyote.AbstractProtocol.pause Pausing ProtocolHandler ["http-nio-8080"]
05-Feb-2026 18:30:56.966 INFO [main] org.apache.catalina.core.StandardService.stopInternal Stopping service [Catalina]
05-Feb-2026 18:30:56.977 INFO [main] org.apache.coyote.AbstractProtocol.stop Stopping ProtocolHandler ["http-nio-8080"]
05-Feb-2026 18:30:56.978 INFO [main] org.apache.coyote.AbstractProtocol.destroy Destroying ProtocolHandler ["http-nio-8080"]
NOTE: Picked up JDK_JAVA_OPTIONS:  --add-opens=java.base/java.lang=ALL-UNNAMED --add-opens=java.base/java.lang.invoke=ALL-UNNAMED --add-opens=java.base/java.lang.reflect=ALL-UNNAMED --add-opens=java.base/java.io=ALL-UNNAMED --add-opens=java.base/java.util=ALL-UNNAMED --add-opens=java.base/java.util.concurrent=ALL-UNNAMED --add-opens=java.rmi/sun.rmi.transport=ALL-UNNAMED
05-Feb-2026 18:31:03.961 INFO [main] org.apache.catalina.startup.VersionLoggerListener.log Server version name:   Apache Tomcat/9.0.115
05-Feb-2026 18:31:03.962 INFO [main] org.apache.catalina.startup.VersionLoggerListener.log Server built:          Jan 21 2026 08:17:26 UTC
05-Feb-2026 18:31:03.962 INFO [main] org.apache.catalina.startup.VersionLoggerListener.log Server version number: 9.0.115.0
05-Feb-2026 18:31:03.962 INFO [main] org.apache.catalina.startup.VersionLoggerListener.log OS Name:               Mac OS X
05-Feb-2026 18:31:03.962 INFO [main] org.apache.catalina.startup.VersionLoggerListener.log OS Version:            26.2
05-Feb-2026 18:31:03.962 INFO [main] org.apache.catalina.startup.VersionLoggerListener.log Architecture:          aarch64
05-Feb-2026 18:31:03.962 INFO [main] org.apache.catalina.startup.VersionLoggerListener.log Java Home:             /Library/Java/JavaVirtualMachines/jdk-25.jdk/Contents/Home
05-Feb-2026 18:31:03.962 INFO [main] org.apache.catalina.startup.VersionLoggerListener.log JVM Version:           25+37-LTS-3491
05-Feb-2026 18:31:03.962 INFO [main] org.apache.catalina.startup.VersionLoggerListener.log JVM Vendor:            Oracle Corporation
05-Feb-2026 18:31:03.962 INFO [main] org.apache.catalina.startup.VersionLoggerListener.log CATALINA_BASE:         /Users/erictran/Downloads/apache-tomcat-9.0.115
05-Feb-2026 18:31:03.962 INFO [main] org.apache.catalina.startup.VersionLoggerListener.log CATALINA_HOME:         /Users/erictran/Downloads/apache-tomcat-9.0.115
05-Feb-2026 18:31:03.966 INFO [main] org.apache.catalina.startup.VersionLoggerListener.log Command line argument: --add-opens=java.base/java.lang=ALL-UNNAMED
05-Feb-2026 18:31:03.967 INFO [main] org.apache.catalina.startup.VersionLoggerListener.log Command line argument: --add-opens=java.base/java.lang.invoke=ALL-UNNAMED
05-Feb-2026 18:31:03.967 INFO [main] org.apache.catalina.startup.VersionLoggerListener.log Command line argument: --add-opens=java.base/java.lang.reflect=ALL-UNNAMED
05-Feb-2026 18:31:03.967 INFO [main] org.apache.catalina.startup.VersionLoggerListener.log Command line argument: --add-opens=java.base/java.io=ALL-UNNAMED
05-Feb-2026 18:31:03.967 INFO [main] org.apache.catalina.startup.VersionLoggerListener.log Command line argument: --add-opens=java.base/java.util=ALL-UNNAMED
05-Feb-2026 18:31:03.967 INFO [main] org.apache.catalina.startup.VersionLoggerListener.log Command line argument: --add-opens=java.base/java.util.concurrent=ALL-UNNAMED
05-Feb-2026 18:31:03.967 INFO [main] org.apache.catalina.startup.VersionLoggerListener.log Command line argument: --add-opens=java.rmi/sun.rmi.transport=ALL-UNNAMED
05-Feb-2026 18:31:03.967 INFO [main] org.apache.catalina.startup.VersionLoggerListener.log Command line argument: -Djava.util.logging.config.file=/Users/erictran/Downloads/apache-tomcat-9.0.115/conf/logging.properties
05-Feb-2026 18:31:03.967 INFO [main] org.apache.catalina.startup.VersionLoggerListener.log Command line argument: -Djava.util.logging.manager=org.apache.juli.ClassLoaderLogManager
05-Feb-2026 18:31:03.967 INFO [main] org.apache.catalina.startup.VersionLoggerListener.log Command line argument: -Djdk.tls.ephemeralDHKeySize=2048
05-Feb-2026 18:31:03.967 INFO [main] org.apache.catalina.startup.VersionLoggerListener.log Command line argument: -Djava.protocol.handler.pkgs=org.apache.catalina.webresources
05-Feb-2026 18:31:03.967 INFO [main] org.apache.catalina.startup.VersionLoggerListener.log Command line argument: -Dsun.io.useCanonCaches=false
05-Feb-2026 18:31:03.967 INFO [main] org.apache.catalina.startup.VersionLoggerListener.log Command line argument: -Dorg.apache.catalina.security.SecurityListener.UMASK=0027
05-Feb-2026 18:31:03.967 INFO [main] org.apache.catalina.startup.VersionLoggerListener.log Command line argument: -Dignore.endorsed.dirs=
05-Feb-2026 18:31:03.967 INFO [main] org.apache.catalina.startup.VersionLoggerListener.log Command line argument: -Dcatalina.base=/Users/erictran/Downloads/apache-tomcat-9.0.115
05-Feb-2026 18:31:03.967 INFO [main] org.apache.catalina.startup.VersionLoggerListener.log Command line argument: -Dcatalina.home=/Users/erictran/Downloads/apache-tomcat-9.0.115
05-Feb-2026 18:31:03.967 INFO [main] org.apache.catalina.startup.VersionLoggerListener.log Command line argument: -Djava.io.tmpdir=/Users/erictran/Downloads/apache-tomcat-9.0.115/temp
WARNING: A restricted method in java.lang.System has been called
WARNING: java.lang.System::load has been called by org.apache.tomcat.jni.Library in an unnamed module (file:/Users/erictran/Downloads/apache-tomcat-9.0.115/lib/tomcat-jni.jar)
WARNING: Use --enable-native-access=ALL-UNNAMED to avoid a warning for callers in this module
WARNING: Restricted methods will be blocked in a future release unless native access is enabled

05-Feb-2026 18:31:03.972 INFO [main] org.apache.catalina.core.AprLifecycleListener.lifecycleEvent The Apache Tomcat Native library which allows using OpenSSL was not found on the java.library.path: [/Users/erictran/Library/Java/Extensions:/Library/Java/Extensions:/Network/Library/Java/Extensions:/System/Library/Java/Extensions:/usr/lib/java:.]
05-Feb-2026 18:31:04.096 INFO [main] org.apache.coyote.AbstractProtocol.init Initializing ProtocolHandler ["http-nio-8080"]
05-Feb-2026 18:31:04.108 INFO [main] org.apache.catalina.startup.Catalina.load Server initialization in [214] milliseconds
05-Feb-2026 18:31:04.121 INFO [main] org.apache.catalina.core.StandardService.startInternal Starting service [Catalina]
05-Feb-2026 18:31:04.121 INFO [main] org.apache.catalina.core.StandardEngine.startInternal Starting Servlet engine: [Apache Tomcat/9.0.115]
05-Feb-2026 18:31:04.124 INFO [main] org.apache.catalina.startup.HostConfig.deployDirectory Deploying web application directory [/Users/erictran/Downloads/apache-tomcat-9.0.115/webapps/docs]
05-Feb-2026 18:31:04.298 INFO [main] org.apache.jasper.servlet.TldScanner.scanJars At least one JAR was scanned for TLDs yet contained no TLDs. Enable debug logging for this logger for a complete list of JARs that were scanned but no TLDs were found in them. Skipping unneeded JARs during scanning can improve startup time and JSP compilation time.
05-Feb-2026 18:31:04.311 INFO [main] org.apache.catalina.startup.HostConfig.deployDirectory Deployment of web application directory [/Users/erictran/Downloads/apache-tomcat-9.0.115/webapps/docs] has finished in [187] ms
05-Feb-2026 18:31:04.311 INFO [main] org.apache.catalina.startup.HostConfig.deployDirectory Deploying web application directory [/Users/erictran/Downloads/apache-tomcat-9.0.115/webapps/manager]
05-Feb-2026 18:31:04.384 INFO [main] org.apache.jasper.servlet.TldScanner.scanJars At least one JAR was scanned for TLDs yet contained no TLDs. Enable debug logging for this logger for a complete list of JARs that were scanned but no TLDs were found in them. Skipping unneeded JARs during scanning can improve startup time and JSP compilation time.
05-Feb-2026 18:31:04.387 INFO [main] org.apache.catalina.startup.HostConfig.deployDirectory Deployment of web application directory [/Users/erictran/Downloads/apache-tomcat-9.0.115/webapps/manager] has finished in [76] ms
05-Feb-2026 18:31:04.387 INFO [main] org.apache.catalina.startup.HostConfig.deployDirectory Deploying web application directory [/Users/erictran/Downloads/apache-tomcat-9.0.115/webapps/examples]
05-Feb-2026 18:31:04.516 INFO [main] org.apache.jasper.servlet.TldScanner.scanJars At least one JAR was scanned for TLDs yet contained no TLDs. Enable debug logging for this logger for a complete list of JARs that were scanned but no TLDs were found in them. Skipping unneeded JARs during scanning can improve startup time and JSP compilation time.
05-Feb-2026 18:31:04.523 INFO [main] org.apache.catalina.startup.HostConfig.deployDirectory Deployment of web application directory [/Users/erictran/Downloads/apache-tomcat-9.0.115/webapps/examples] has finished in [136] ms
05-Feb-2026 18:31:04.523 INFO [main] org.apache.catalina.startup.HostConfig.deployDirectory Deploying web application directory [/Users/erictran/Downloads/apache-tomcat-9.0.115/webapps/ROOT]
05-Feb-2026 18:31:04.588 INFO [main] org.apache.jasper.servlet.TldScanner.scanJars At least one JAR was scanned for TLDs yet contained no TLDs. Enable debug logging for this logger for a complete list of JARs that were scanned but no TLDs were found in them. Skipping unneeded JARs during scanning can improve startup time and JSP compilation time.
05-Feb-2026 18:31:04.593 INFO [main] org.apache.catalina.startup.HostConfig.deployDirectory Deployment of web application directory [/Users/erictran/Downloads/apache-tomcat-9.0.115/webapps/ROOT] has finished in [70] ms
05-Feb-2026 18:31:04.593 INFO [main] org.apache.catalina.startup.HostConfig.deployDirectory Deploying web application directory [/Users/erictran/Downloads/apache-tomcat-9.0.115/webapps/host-manager]
05-Feb-2026 18:31:04.656 INFO [main] org.apache.jasper.servlet.TldScanner.scanJars At least one JAR was scanned for TLDs yet contained no TLDs. Enable debug logging for this logger for a complete list of JARs that were scanned but no TLDs were found in them. Skipping unneeded JARs during scanning can improve startup time and JSP compilation time.
05-Feb-2026 18:31:04.657 INFO [main] org.apache.catalina.startup.HostConfig.deployDirectory Deployment of web application directory [/Users/erictran/Downloads/apache-tomcat-9.0.115/webapps/host-manager] has finished in [64] ms
05-Feb-2026 18:31:04.658 INFO [main] org.apache.coyote.AbstractProtocol.start Starting ProtocolHandler ["http-nio-8080"]
05-Feb-2026 18:31:04.662 INFO [main] org.apache.catalina.startup.Catalina.start Server startup in [553] milliseconds
Loading class `com.mysql.jdbc.Driver'. This is deprecated. The new driver class is `com.mysql.cj.jdbc.Driver'. The driver is automatically registered via the SPI and manual loading of the driver class is generally unnecessary.
06-Feb-2026 14:05:51.713 INFO [Thread-1] org.apache.coyote.AbstractProtocol.pause Pausing ProtocolHandler ["http-nio-8080"]
06-Feb-2026 14:05:51.722 INFO [Thread-1] org.apache.catalina.core.StandardService.stopInternal Stopping service [Catalina]
06-Feb-2026 14:05:52.785 INFO [Thread-1] org.apache.coyote.AbstractProtocol.stop Stopping ProtocolHandler ["http-nio-8080"]
06-Feb-2026 14:05:53.391 WARNING [Thread-1] org.apache.tomcat.util.net.Acceptor.stopMillis The acceptor thread [http-nio-8080-Acceptor] did not stop cleanly
06-Feb-2026 14:05:53.400 INFO [Thread-1] org.apache.coyote.AbstractProtocol.destroy Destroying ProtocolHandler ["http-nio-8080"]
NOTE: Picked up JDK_JAVA_OPTIONS:  --add-opens=java.base/java.lang=ALL-UNNAMED --add-opens=java.base/java.lang.invoke=ALL-UNNAMED --add-opens=java.base/java.lang.reflect=ALL-UNNAMED --add-opens=java.base/java.io=ALL-UNNAMED --add-opens=java.base/java.util=ALL-UNNAMED --add-opens=java.base/java.util.concurrent=ALL-UNNAMED --add-opens=java.rmi/sun.rmi.transport=ALL-UNNAMED
06-Feb-2026 14:09:19.984 INFO [main] org.apache.catalina.startup.VersionLoggerListener.log Server version name:   Apache Tomcat/9.0.115
06-Feb-2026 14:09:19.985 INFO [main] org.apache.catalina.startup.VersionLoggerListener.log Server built:          Jan 21 2026 08:17:26 UTC
06-Feb-2026 14:09:19.985 INFO [main] org.apache.catalina.startup.VersionLoggerListener.log Server version number: 9.0.115.0
06-Feb-2026 14:09:19.985 INFO [main] org.apache.catalina.startup.VersionLoggerListener.log OS Name:               Mac OS X
06-Feb-2026 14:09:19.985 INFO [main] org.apache.catalina.startup.VersionLoggerListener.log OS Version:            26.2
06-Feb-2026 14:09:19.985 INFO [main] org.apache.catalina.startup.VersionLoggerListener.log Architecture:          aarch64
06-Feb-2026 14:09:19.985 INFO [main] org.apache.catalina.startup.VersionLoggerListener.log Java Home:             /Library/Java/JavaVirtualMachines/jdk-25.jdk/Contents/Home
06-Feb-2026 14:09:19.986 INFO [main] org.apache.catalina.startup.VersionLoggerListener.log JVM Version:           25+37-LTS-3491
06-Feb-2026 14:09:19.986 INFO [main] org.apache.catalina.startup.VersionLoggerListener.log JVM Vendor:            Oracle Corporation
06-Feb-2026 14:09:19.986 INFO [main] org.apache.catalina.startup.VersionLoggerListener.log CATALINA_BASE:         /Users/erictran/Downloads/apache-tomcat-9.0.115
06-Feb-2026 14:09:19.986 INFO [main] org.apache.catalina.startup.VersionLoggerListener.log CATALINA_HOME:         /Users/erictran/Downloads/apache-tomcat-9.0.115
06-Feb-2026 14:09:19.998 INFO [main] org.apache.catalina.startup.VersionLoggerListener.log Command line argument: --add-opens=java.base/java.lang=ALL-UNNAMED
06-Feb-2026 14:09:19.998 INFO [main] org.apache.catalina.startup.VersionLoggerListener.log Command line argument: --add-opens=java.base/java.lang.invoke=ALL-UNNAMED
06-Feb-2026 14:09:19.998 INFO [main] org.apache.catalina.startup.VersionLoggerListener.log Command line argument: --add-opens=java.base/java.lang.reflect=ALL-UNNAMED
06-Feb-2026 14:09:19.998 INFO [main] org.apache.catalina.startup.VersionLoggerListener.log Command line argument: --add-opens=java.base/java.io=ALL-UNNAMED
06-Feb-2026 14:09:19.998 INFO [main] org.apache.catalina.startup.VersionLoggerListener.log Command line argument: --add-opens=java.base/java.util=ALL-UNNAMED
06-Feb-2026 14:09:19.998 INFO [main] org.apache.catalina.startup.VersionLoggerListener.log Command line argument: --add-opens=java.base/java.util.concurrent=ALL-UNNAMED
06-Feb-2026 14:09:19.998 INFO [main] org.apache.catalina.startup.VersionLoggerListener.log Command line argument: --add-opens=java.rmi/sun.rmi.transport=ALL-UNNAMED
06-Feb-2026 14:09:19.998 INFO [main] org.apache.catalina.startup.VersionLoggerListener.log Command line argument: -Djava.util.logging.config.file=/Users/erictran/Downloads/apache-tomcat-9.0.115/conf/logging.properties
06-Feb-2026 14:09:19.998 INFO [main] org.apache.catalina.startup.VersionLoggerListener.log Command line argument: -Djava.util.logging.manager=org.apache.juli.ClassLoaderLogManager
06-Feb-2026 14:09:19.998 INFO [main] org.apache.catalina.startup.VersionLoggerListener.log Command line argument: -Djdk.tls.ephemeralDHKeySize=2048
06-Feb-2026 14:09:19.998 INFO [main] org.apache.catalina.startup.VersionLoggerListener.log Command line argument: -Djava.protocol.handler.pkgs=org.apache.catalina.webresources
06-Feb-2026 14:09:19.998 INFO [main] org.apache.catalina.startup.VersionLoggerListener.log Command line argument: -Dsun.io.useCanonCaches=false
06-Feb-2026 14:09:19.998 INFO [main] org.apache.catalina.startup.VersionLoggerListener.log Command line argument: -Dorg.apache.catalina.security.SecurityListener.UMASK=0027
06-Feb-2026 14:09:19.998 INFO [main] org.apache.catalina.startup.VersionLoggerListener.log Command line argument: -Dignore.endorsed.dirs=
06-Feb-2026 14:09:19.998 INFO [main] org.apache.catalina.startup.VersionLoggerListener.log Command line argument: -Dcatalina.base=/Users/erictran/Downloads/apache-tomcat-9.0.115
06-Feb-2026 14:09:19.998 INFO [main] org.apache.catalina.startup.VersionLoggerListener.log Command line argument: -Dcatalina.home=/Users/erictran/Downloads/apache-tomcat-9.0.115
06-Feb-2026 14:09:19.999 INFO [main] org.apache.catalina.startup.VersionLoggerListener.log Command line argument: -Djava.io.tmpdir=/Users/erictran/Downloads/apache-tomcat-9.0.115/temp
WARNING: A restricted method in java.lang.System has been called
WARNING: java.lang.System::load has been called by org.apache.tomcat.jni.Library in an unnamed module (file:/Users/erictran/Downloads/apache-tomcat-9.0.115/lib/tomcat-jni.jar)
WARNING: Use --enable-native-access=ALL-UNNAMED to avoid a warning for callers in this module
WARNING: Restricted methods will be blocked in a future release unless native access is enabled

06-Feb-2026 14:09:20.004 INFO [main] org.apache.catalina.core.AprLifecycleListener.lifecycleEvent The Apache Tomcat Native library which allows using OpenSSL was not found on the java.library.path: [/Users/erictran/Library/Java/Extensions:/Library/Java/Extensions:/Network/Library/Java/Extensions:/System/Library/Java/Extensions:/usr/lib/java:.]
06-Feb-2026 14:09:20.138 INFO [main] org.apache.coyote.AbstractProtocol.init Initializing ProtocolHandler ["http-nio-8080"]
06-Feb-2026 14:09:20.155 INFO [main] org.apache.catalina.startup.Catalina.load Server initialization in [255] milliseconds
06-Feb-2026 14:09:20.170 INFO [main] org.apache.catalina.core.StandardService.startInternal Starting service [Catalina]
06-Feb-2026 14:09:20.170 INFO [main] org.apache.catalina.core.StandardEngine.startInternal Starting Servlet engine: [Apache Tomcat/9.0.115]
06-Feb-2026 14:09:20.173 INFO [main] org.apache.catalina.startup.HostConfig.deployDirectory Deploying web application directory [/Users/erictran/Downloads/apache-tomcat-9.0.115/webapps/docs]
06-Feb-2026 14:09:20.366 INFO [main] org.apache.jasper.servlet.TldScanner.scanJars At least one JAR was scanned for TLDs yet contained no TLDs. Enable debug logging for this logger for a complete list of JARs that were scanned but no TLDs were found in them. Skipping unneeded JARs during scanning can improve startup time and JSP compilation time.
06-Feb-2026 14:09:20.382 INFO [main] org.apache.catalina.startup.HostConfig.deployDirectory Deployment of web application directory [/Users/erictran/Downloads/apache-tomcat-9.0.115/webapps/docs] has finished in [207] ms
06-Feb-2026 14:09:20.382 INFO [main] org.apache.catalina.startup.HostConfig.deployDirectory Deploying web application directory [/Users/erictran/Downloads/apache-tomcat-9.0.115/webapps/manager]
06-Feb-2026 14:09:20.455 INFO [main] org.apache.jasper.servlet.TldScanner.scanJars At least one JAR was scanned for TLDs yet contained no TLDs. Enable debug logging for this logger for a complete list of JARs that were scanned but no TLDs were found in them. Skipping unneeded JARs during scanning can improve startup time and JSP compilation time.
06-Feb-2026 14:09:20.458 INFO [main] org.apache.catalina.startup.HostConfig.deployDirectory Deployment of web application directory [/Users/erictran/Downloads/apache-tomcat-9.0.115/webapps/manager] has finished in [76] ms
06-Feb-2026 14:09:20.458 INFO [main] org.apache.catalina.startup.HostConfig.deployDirectory Deploying web application directory [/Users/erictran/Downloads/apache-tomcat-9.0.115/webapps/examples]
06-Feb-2026 14:09:20.592 INFO [main] org.apache.jasper.servlet.TldScanner.scanJars At least one JAR was scanned for TLDs yet contained no TLDs. Enable debug logging for this logger for a complete list of JARs that were scanned but no TLDs were found in them. Skipping unneeded JARs during scanning can improve startup time and JSP compilation time.
06-Feb-2026 14:09:20.598 INFO [main] org.apache.catalina.startup.HostConfig.deployDirectory Deployment of web application directory [/Users/erictran/Downloads/apache-tomcat-9.0.115/webapps/examples] has finished in [140] ms
06-Feb-2026 14:09:20.598 INFO [main] org.apache.catalina.startup.HostConfig.deployDirectory Deploying web application directory [/Users/erictran/Downloads/apache-tomcat-9.0.115/webapps/ROOT]
06-Feb-2026 14:09:20.665 INFO [main] org.apache.jasper.servlet.TldScanner.scanJars At least one JAR was scanned for TLDs yet contained no TLDs. Enable debug logging for this logger for a complete list of JARs that were scanned but no TLDs were found in them. Skipping unneeded JARs during scanning can improve startup time and JSP compilation time.
06-Feb-2026 14:09:20.665 INFO [main] org.apache.catalina.startup.HostConfig.deployDirectory Deployment of web application directory [/Users/erictran/Downloads/apache-tomcat-9.0.115/webapps/ROOT] has finished in [67] ms
06-Feb-2026 14:09:20.665 INFO [main] org.apache.catalina.startup.HostConfig.deployDirectory Deploying web application directory [/Users/erictran/Downloads/apache-tomcat-9.0.115/webapps/host-manager]
06-Feb-2026 14:09:20.730 INFO [main] org.apache.jasper.servlet.TldScanner.scanJars At least one JAR was scanned for TLDs yet contained no TLDs. Enable debug logging for this logger for a complete list of JARs that were scanned but no TLDs were found in them. Skipping unneeded JARs during scanning can improve startup time and JSP compilation time.
06-Feb-2026 14:09:20.732 INFO [main] org.apache.catalina.startup.HostConfig.deployDirectory Deployment of web application directory [/Users/erictran/Downloads/apache-tomcat-9.0.115/webapps/host-manager] has finished in [67] ms
06-Feb-2026 14:09:20.733 INFO [main] org.apache.coyote.AbstractProtocol.start Starting ProtocolHandler ["http-nio-8080"]
06-Feb-2026 14:09:20.738 INFO [main] org.apache.catalina.startup.Catalina.start Server startup in [582] milliseconds
Loading class `com.mysql.jdbc.Driver'. This is deprecated. The new driver class is `com.mysql.cj.jdbc.Driver'. The driver is automatically registered via the SPI and manual loading of the driver class is generally unnecessary.
07-Feb-2026 00:43:47.735 INFO [Thread-1] org.apache.coyote.AbstractProtocol.pause Pausing ProtocolHandler ["http-nio-8080"]
07-Feb-2026 00:43:47.745 INFO [Thread-1] org.apache.catalina.core.StandardService.stopInternal Stopping service [Catalina]
07-Feb-2026 00:43:47.806 INFO [Thread-1] org.apache.coyote.AbstractProtocol.stop Stopping ProtocolHandler ["http-nio-8080"]
07-Feb-2026 00:43:48.413 WARNING [Thread-1] org.apache.tomcat.util.net.Acceptor.stopMillis The acceptor thread [http-nio-8080-Acceptor] did not stop cleanly
07-Feb-2026 00:43:48.421 INFO [Thread-1] org.apache.coyote.AbstractProtocol.destroy Destroying ProtocolHandler ["http-nio-8080"]
NOTE: Picked up JDK_JAVA_OPTIONS:  --add-opens=java.base/java.lang=ALL-UNNAMED --add-opens=java.base/java.lang.invoke=ALL-UNNAMED --add-opens=java.base/java.lang.reflect=ALL-UNNAMED --add-opens=java.base/java.io=ALL-UNNAMED --add-opens=java.base/java.util=ALL-UNNAMED --add-opens=java.base/java.util.concurrent=ALL-UNNAMED --add-opens=java.rmi/sun.rmi.transport=ALL-UNNAMED
10-Feb-2026 14:59:39.653 INFO [main] org.apache.catalina.startup.VersionLoggerListener.log Server version name:   Apache Tomcat/9.0.115
10-Feb-2026 14:59:39.655 INFO [main] org.apache.catalina.startup.VersionLoggerListener.log Server built:          Jan 21 2026 08:17:26 UTC
10-Feb-2026 14:59:39.655 INFO [main] org.apache.catalina.startup.VersionLoggerListener.log Server version number: 9.0.115.0
10-Feb-2026 14:59:39.655 INFO [main] org.apache.catalina.startup.VersionLoggerListener.log OS Name:               Mac OS X
10-Feb-2026 14:59:39.655 INFO [main] org.apache.catalina.startup.VersionLoggerListener.log OS Version:            26.2
10-Feb-2026 14:59:39.655 INFO [main] org.apache.catalina.startup.VersionLoggerListener.log Architecture:          aarch64
10-Feb-2026 14:59:39.655 INFO [main] org.apache.catalina.startup.VersionLoggerListener.log Java Home:             /Library/Java/JavaVirtualMachines/jdk-25.jdk/Contents/Home
10-Feb-2026 14:59:39.655 INFO [main] org.apache.catalina.startup.VersionLoggerListener.log JVM Version:           25.0.2+10-LTS-69
10-Feb-2026 14:59:39.655 INFO [main] org.apache.catalina.startup.VersionLoggerListener.log JVM Vendor:            Oracle Corporation
10-Feb-2026 14:59:39.655 INFO [main] org.apache.catalina.startup.VersionLoggerListener.log CATALINA_BASE:         /Users/erictran/Downloads/apache-tomcat-9.0.115
10-Feb-2026 14:59:39.655 INFO [main] org.apache.catalina.startup.VersionLoggerListener.log CATALINA_HOME:         /Users/erictran/Downloads/apache-tomcat-9.0.115
10-Feb-2026 14:59:39.702 INFO [main] org.apache.catalina.startup.VersionLoggerListener.log Command line argument: --add-opens=java.base/java.lang=ALL-UNNAMED
10-Feb-2026 14:59:39.702 INFO [main] org.apache.catalina.startup.VersionLoggerListener.log Command line argument: --add-opens=java.base/java.lang.invoke=ALL-UNNAMED
10-Feb-2026 14:59:39.702 INFO [main] org.apache.catalina.startup.VersionLoggerListener.log Command line argument: --add-opens=java.base/java.lang.reflect=ALL-UNNAMED
10-Feb-2026 14:59:39.702 INFO [main] org.apache.catalina.startup.VersionLoggerListener.log Command line argument: --add-opens=java.base/java.io=ALL-UNNAMED
10-Feb-2026 14:59:39.702 INFO [main] org.apache.catalina.startup.VersionLoggerListener.log Command line argument: --add-opens=java.base/java.util=ALL-UNNAMED
10-Feb-2026 14:59:39.702 INFO [main] org.apache.catalina.startup.VersionLoggerListener.log Command line argument: --add-opens=java.base/java.util.concurrent=ALL-UNNAMED
10-Feb-2026 14:59:39.702 INFO [main] org.apache.catalina.startup.VersionLoggerListener.log Command line argument: --add-opens=java.rmi/sun.rmi.transport=ALL-UNNAMED
10-Feb-2026 14:59:39.702 INFO [main] org.apache.catalina.startup.VersionLoggerListener.log Command line argument: -Djava.util.logging.config.file=/Users/erictran/Downloads/apache-tomcat-9.0.115/conf/logging.properties
10-Feb-2026 14:59:39.702 INFO [main] org.apache.catalina.startup.VersionLoggerListener.log Command line argument: -Djava.util.logging.manager=org.apache.juli.ClassLoaderLogManager
10-Feb-2026 14:59:39.702 INFO [main] org.apache.catalina.startup.VersionLoggerListener.log Command line argument: -Djdk.tls.ephemeralDHKeySize=2048
10-Feb-2026 14:59:39.702 INFO [main] org.apache.catalina.startup.VersionLoggerListener.log Command line argument: -Djava.protocol.handler.pkgs=org.apache.catalina.webresources
10-Feb-2026 14:59:39.703 INFO [main] org.apache.catalina.startup.VersionLoggerListener.log Command line argument: -Dsun.io.useCanonCaches=false
10-Feb-2026 14:59:39.703 INFO [main] org.apache.catalina.startup.VersionLoggerListener.log Command line argument: -Dorg.apache.catalina.security.SecurityListener.UMASK=0027
10-Feb-2026 14:59:39.703 INFO [main] org.apache.catalina.startup.VersionLoggerListener.log Command line argument: -Dignore.endorsed.dirs=
10-Feb-2026 14:59:39.703 INFO [main] org.apache.catalina.startup.VersionLoggerListener.log Command line argument: -Dcatalina.base=/Users/erictran/Downloads/apache-tomcat-9.0.115
10-Feb-2026 14:59:39.703 INFO [main] org.apache.catalina.startup.VersionLoggerListener.log Command line argument: -Dcatalina.home=/Users/erictran/Downloads/apache-tomcat-9.0.115
10-Feb-2026 14:59:39.703 INFO [main] org.apache.catalina.startup.VersionLoggerListener.log Command line argument: -Djava.io.tmpdir=/Users/erictran/Downloads/apache-tomcat-9.0.115/temp
WARNING: A restricted method in java.lang.System has been called
WARNING: java.lang.System::load has been called by org.apache.tomcat.jni.Library in an unnamed module (file:/Users/erictran/Downloads/apache-tomcat-9.0.115/lib/tomcat-jni.jar)
WARNING: Use --enable-native-access=ALL-UNNAMED to avoid a warning for callers in this module
WARNING: Restricted methods will be blocked in a future release unless native access is enabled

10-Feb-2026 14:59:39.708 INFO [main] org.apache.catalina.core.AprLifecycleListener.lifecycleEvent The Apache Tomcat Native library which allows using OpenSSL was not found on the java.library.path: [/Users/erictran/Library/Java/Extensions:/Library/Java/Extensions:/Network/Library/Java/Extensions:/System/Library/Java/Extensions:/usr/lib/java:.]
10-Feb-2026 14:59:39.844 INFO [main] org.apache.coyote.AbstractProtocol.init Initializing ProtocolHandler ["http-nio-8080"]
10-Feb-2026 14:59:39.877 INFO [main] org.apache.catalina.startup.Catalina.load Server initialization in [308] milliseconds
10-Feb-2026 14:59:39.894 INFO [main] org.apache.catalina.core.StandardService.startInternal Starting service [Catalina]
10-Feb-2026 14:59:39.894 INFO [main] org.apache.catalina.core.StandardEngine.startInternal Starting Servlet engine: [Apache Tomcat/9.0.115]
10-Feb-2026 14:59:39.897 INFO [main] org.apache.catalina.startup.HostConfig.deployDirectory Deploying web application directory [/Users/erictran/Downloads/apache-tomcat-9.0.115/webapps/docs]
10-Feb-2026 14:59:40.094 INFO [main] org.apache.jasper.servlet.TldScanner.scanJars At least one JAR was scanned for TLDs yet contained no TLDs. Enable debug logging for this logger for a complete list of JARs that were scanned but no TLDs were found in them. Skipping unneeded JARs during scanning can improve startup time and JSP compilation time.
10-Feb-2026 14:59:40.108 INFO [main] org.apache.catalina.startup.HostConfig.deployDirectory Deployment of web application directory [/Users/erictran/Downloads/apache-tomcat-9.0.115/webapps/docs] has finished in [210] ms
10-Feb-2026 14:59:40.109 INFO [main] org.apache.catalina.startup.HostConfig.deployDirectory Deploying web application directory [/Users/erictran/Downloads/apache-tomcat-9.0.115/webapps/manager]
10-Feb-2026 14:59:40.185 INFO [main] org.apache.jasper.servlet.TldScanner.scanJars At least one JAR was scanned for TLDs yet contained no TLDs. Enable debug logging for this logger for a complete list of JARs that were scanned but no TLDs were found in them. Skipping unneeded JARs during scanning can improve startup time and JSP compilation time.
10-Feb-2026 14:59:40.188 INFO [main] org.apache.catalina.startup.HostConfig.deployDirectory Deployment of web application directory [/Users/erictran/Downloads/apache-tomcat-9.0.115/webapps/manager] has finished in [79] ms
10-Feb-2026 14:59:40.188 INFO [main] org.apache.catalina.startup.HostConfig.deployDirectory Deploying web application directory [/Users/erictran/Downloads/apache-tomcat-9.0.115/webapps/examples]
10-Feb-2026 14:59:40.319 INFO [main] org.apache.jasper.servlet.TldScanner.scanJars At least one JAR was scanned for TLDs yet contained no TLDs. Enable debug logging for this logger for a complete list of JARs that were scanned but no TLDs were found in them. Skipping unneeded JARs during scanning can improve startup time and JSP compilation time.
10-Feb-2026 14:59:40.324 INFO [main] org.apache.catalina.startup.HostConfig.deployDirectory Deployment of web application directory [/Users/erictran/Downloads/apache-tomcat-9.0.115/webapps/examples] has finished in [136] ms
10-Feb-2026 14:59:40.325 INFO [main] org.apache.catalina.startup.HostConfig.deployDirectory Deploying web application directory [/Users/erictran/Downloads/apache-tomcat-9.0.115/webapps/ROOT]
10-Feb-2026 14:59:40.391 INFO [main] org.apache.jasper.servlet.TldScanner.scanJars At least one JAR was scanned for TLDs yet contained no TLDs. Enable debug logging for this logger for a complete list of JARs that were scanned but no TLDs were found in them. Skipping unneeded JARs during scanning can improve startup time and JSP compilation time.
10-Feb-2026 14:59:40.392 INFO [main] org.apache.catalina.startup.HostConfig.deployDirectory Deployment of web application directory [/Users/erictran/Downloads/apache-tomcat-9.0.115/webapps/ROOT] has finished in [67] ms
10-Feb-2026 14:59:40.392 INFO [main] org.apache.catalina.startup.HostConfig.deployDirectory Deploying web application directory [/Users/erictran/Downloads/apache-tomcat-9.0.115/webapps/host-manager]
10-Feb-2026 14:59:40.456 INFO [main] org.apache.jasper.servlet.TldScanner.scanJars At least one JAR was scanned for TLDs yet contained no TLDs. Enable debug logging for this logger for a complete list of JARs that were scanned but no TLDs were found in them. Skipping unneeded JARs during scanning can improve startup time and JSP compilation time.
10-Feb-2026 14:59:40.456 INFO [main] org.apache.catalina.startup.HostConfig.deployDirectory Deployment of web application directory [/Users/erictran/Downloads/apache-tomcat-9.0.115/webapps/host-manager] has finished in [64] ms
10-Feb-2026 14:59:40.458 INFO [main] org.apache.coyote.AbstractProtocol.start Starting ProtocolHandler ["http-nio-8080"]
10-Feb-2026 14:59:40.463 INFO [main] org.apache.catalina.startup.Catalina.start Server startup in [585] milliseconds
Loading class `com.mysql.jdbc.Driver'. This is deprecated. The new driver class is `com.mysql.cj.jdbc.Driver'. The driver is automatically registered via the SPI and manual loading of the driver class is generally unnecessary.
10-Feb-2026 16:46:11.599 INFO [main] org.apache.catalina.core.StandardServer.await A valid shutdown command was received via the shutdown port. Stopping the Server instance.
10-Feb-2026 16:46:11.601 INFO [main] org.apache.coyote.AbstractProtocol.pause Pausing ProtocolHandler ["http-nio-8080"]
10-Feb-2026 16:46:12.607 INFO [main] org.apache.catalina.core.StandardService.stopInternal Stopping service [Catalina]
10-Feb-2026 16:46:12.650 INFO [main] org.apache.coyote.AbstractProtocol.stop Stopping ProtocolHandler ["http-nio-8080"]
10-Feb-2026 16:46:13.253 WARNING [main] org.apache.tomcat.util.net.Acceptor.stopMillis The acceptor thread [http-nio-8080-Acceptor] did not stop cleanly
10-Feb-2026 16:46:13.261 INFO [main] org.apache.coyote.AbstractProtocol.destroy Destroying ProtocolHandler ["http-nio-8080"]
NOTE: Picked up JDK_JAVA_OPTIONS:  --add-opens=java.base/java.lang=ALL-UNNAMED --add-opens=java.base/java.lang.invoke=ALL-UNNAMED --add-opens=java.base/java.lang.reflect=ALL-UNNAMED --add-opens=java.base/java.io=ALL-UNNAMED --add-opens=java.base/java.util=ALL-UNNAMED --add-opens=java.base/java.util.concurrent=ALL-UNNAMED --add-opens=java.rmi/sun.rmi.transport=ALL-UNNAMED
10-Feb-2026 22:00:12.300 INFO [main] org.apache.catalina.startup.VersionLoggerListener.log Server version name:   Apache Tomcat/9.0.115
10-Feb-2026 22:00:12.302 INFO [main] org.apache.catalina.startup.VersionLoggerListener.log Server built:          Jan 21 2026 08:17:26 UTC
10-Feb-2026 22:00:12.302 INFO [main] org.apache.catalina.startup.VersionLoggerListener.log Server version number: 9.0.115.0
10-Feb-2026 22:00:12.302 INFO [main] org.apache.catalina.startup.VersionLoggerListener.log OS Name:               Mac OS X
10-Feb-2026 22:00:12.302 INFO [main] org.apache.catalina.startup.VersionLoggerListener.log OS Version:            26.2
10-Feb-2026 22:00:12.302 INFO [main] org.apache.catalina.startup.VersionLoggerListener.log Architecture:          aarch64
10-Feb-2026 22:00:12.302 INFO [main] org.apache.catalina.startup.VersionLoggerListener.log Java Home:             /Library/Java/JavaVirtualMachines/jdk-25.jdk/Contents/Home
10-Feb-2026 22:00:12.302 INFO [main] org.apache.catalina.startup.VersionLoggerListener.log JVM Version:           25.0.2+10-LTS-69
10-Feb-2026 22:00:12.302 INFO [main] org.apache.catalina.startup.VersionLoggerListener.log JVM Vendor:            Oracle Corporation
10-Feb-2026 22:00:12.302 INFO [main] org.apache.catalina.startup.VersionLoggerListener.log CATALINA_BASE:         /Users/erictran/Downloads/apache-tomcat-9.0.115
10-Feb-2026 22:00:12.302 INFO [main] org.apache.catalina.startup.VersionLoggerListener.log CATALINA_HOME:         /Users/erictran/Downloads/apache-tomcat-9.0.115
10-Feb-2026 22:00:12.309 INFO [main] org.apache.catalina.startup.VersionLoggerListener.log Command line argument: --add-opens=java.base/java.lang=ALL-UNNAMED
10-Feb-2026 22:00:12.309 INFO [main] org.apache.catalina.startup.VersionLoggerListener.log Command line argument: --add-opens=java.base/java.lang.invoke=ALL-UNNAMED
10-Feb-2026 22:00:12.309 INFO [main] org.apache.catalina.startup.VersionLoggerListener.log Command line argument: --add-opens=java.base/java.lang.reflect=ALL-UNNAMED
10-Feb-2026 22:00:12.309 INFO [main] org.apache.catalina.startup.VersionLoggerListener.log Command line argument: --add-opens=java.base/java.io=ALL-UNNAMED
10-Feb-2026 22:00:12.309 INFO [main] org.apache.catalina.startup.VersionLoggerListener.log Command line argument: --add-opens=java.base/java.util=ALL-UNNAMED
10-Feb-2026 22:00:12.309 INFO [main] org.apache.catalina.startup.VersionLoggerListener.log Command line argument: --add-opens=java.base/java.util.concurrent=ALL-UNNAMED
10-Feb-2026 22:00:12.309 INFO [main] org.apache.catalina.startup.VersionLoggerListener.log Command line argument: --add-opens=java.rmi/sun.rmi.transport=ALL-UNNAMED
10-Feb-2026 22:00:12.309 INFO [main] org.apache.catalina.startup.VersionLoggerListener.log Command line argument: -Djava.util.logging.config.file=/Users/erictran/Downloads/apache-tomcat-9.0.115/conf/logging.properties
10-Feb-2026 22:00:12.309 INFO [main] org.apache.catalina.startup.VersionLoggerListener.log Command line argument: -Djava.util.logging.manager=org.apache.juli.ClassLoaderLogManager
10-Feb-2026 22:00:12.309 INFO [main] org.apache.catalina.startup.VersionLoggerListener.log Command line argument: -Djdk.tls.ephemeralDHKeySize=2048
10-Feb-2026 22:00:12.309 INFO [main] org.apache.catalina.startup.VersionLoggerListener.log Command line argument: -Djava.protocol.handler.pkgs=org.apache.catalina.webresources
10-Feb-2026 22:00:12.309 INFO [main] org.apache.catalina.startup.VersionLoggerListener.log Command line argument: -Dsun.io.useCanonCaches=false
10-Feb-2026 22:00:12.310 INFO [main] org.apache.catalina.startup.VersionLoggerListener.log Command line argument: -Dorg.apache.catalina.security.SecurityListener.UMASK=0027
10-Feb-2026 22:00:12.310 INFO [main] org.apache.catalina.startup.VersionLoggerListener.log Command line argument: -Dignore.endorsed.dirs=
10-Feb-2026 22:00:12.310 INFO [main] org.apache.catalina.startup.VersionLoggerListener.log Command line argument: -Dcatalina.base=/Users/erictran/Downloads/apache-tomcat-9.0.115
10-Feb-2026 22:00:12.310 INFO [main] org.apache.catalina.startup.VersionLoggerListener.log Command line argument: -Dcatalina.home=/Users/erictran/Downloads/apache-tomcat-9.0.115
10-Feb-2026 22:00:12.310 INFO [main] org.apache.catalina.startup.VersionLoggerListener.log Command line argument: -Djava.io.tmpdir=/Users/erictran/Downloads/apache-tomcat-9.0.115/temp
WARNING: A restricted method in java.lang.System has been called
WARNING: java.lang.System::load has been called by org.apache.tomcat.jni.Library in an unnamed module (file:/Users/erictran/Downloads/apache-tomcat-9.0.115/lib/tomcat-jni.jar)
WARNING: Use --enable-native-access=ALL-UNNAMED to avoid a warning for callers in this module
WARNING: Restricted methods will be blocked in a future release unless native access is enabled

10-Feb-2026 22:00:12.316 INFO [main] org.apache.catalina.core.AprLifecycleListener.lifecycleEvent The Apache Tomcat Native library which allows using OpenSSL was not found on the java.library.path: [/Users/erictran/Library/Java/Extensions:/Library/Java/Extensions:/Network/Library/Java/Extensions:/System/Library/Java/Extensions:/usr/lib/java:.]
10-Feb-2026 22:00:12.454 INFO [main] org.apache.coyote.AbstractProtocol.init Initializing ProtocolHandler ["http-nio-8080"]
10-Feb-2026 22:00:12.469 INFO [main] org.apache.catalina.startup.Catalina.load Server initialization in [253] milliseconds
10-Feb-2026 22:00:12.485 INFO [main] org.apache.catalina.core.StandardService.startInternal Starting service [Catalina]
10-Feb-2026 22:00:12.485 INFO [main] org.apache.catalina.core.StandardEngine.startInternal Starting Servlet engine: [Apache Tomcat/9.0.115]
10-Feb-2026 22:00:12.488 INFO [main] org.apache.catalina.startup.HostConfig.deployDirectory Deploying web application directory [/Users/erictran/Downloads/apache-tomcat-9.0.115/webapps/docs]
10-Feb-2026 22:00:12.688 INFO [main] org.apache.jasper.servlet.TldScanner.scanJars At least one JAR was scanned for TLDs yet contained no TLDs. Enable debug logging for this logger for a complete list of JARs that were scanned but no TLDs were found in them. Skipping unneeded JARs during scanning can improve startup time and JSP compilation time.
10-Feb-2026 22:00:12.703 INFO [main] org.apache.catalina.startup.HostConfig.deployDirectory Deployment of web application directory [/Users/erictran/Downloads/apache-tomcat-9.0.115/webapps/docs] has finished in [213] ms
10-Feb-2026 22:00:12.703 INFO [main] org.apache.catalina.startup.HostConfig.deployDirectory Deploying web application directory [/Users/erictran/Downloads/apache-tomcat-9.0.115/webapps/manager]
10-Feb-2026 22:00:12.779 INFO [main] org.apache.jasper.servlet.TldScanner.scanJars At least one JAR was scanned for TLDs yet contained no TLDs. Enable debug logging for this logger for a complete list of JARs that were scanned but no TLDs were found in them. Skipping unneeded JARs during scanning can improve startup time and JSP compilation time.
10-Feb-2026 22:00:12.783 INFO [main] org.apache.catalina.startup.HostConfig.deployDirectory Deployment of web application directory [/Users/erictran/Downloads/apache-tomcat-9.0.115/webapps/manager] has finished in [80] ms
10-Feb-2026 22:00:12.783 INFO [main] org.apache.catalina.startup.HostConfig.deployDirectory Deploying web application directory [/Users/erictran/Downloads/apache-tomcat-9.0.115/webapps/examples]
10-Feb-2026 22:00:12.915 INFO [main] org.apache.jasper.servlet.TldScanner.scanJars At least one JAR was scanned for TLDs yet contained no TLDs. Enable debug logging for this logger for a complete list of JARs that were scanned but no TLDs were found in them. Skipping unneeded JARs during scanning can improve startup time and JSP compilation time.
10-Feb-2026 22:00:12.921 INFO [main] org.apache.catalina.startup.HostConfig.deployDirectory Deployment of web application directory [/Users/erictran/Downloads/apache-tomcat-9.0.115/webapps/examples] has finished in [138] ms
10-Feb-2026 22:00:12.921 INFO [main] org.apache.catalina.startup.HostConfig.deployDirectory Deploying web application directory [/Users/erictran/Downloads/apache-tomcat-9.0.115/webapps/ROOT]
10-Feb-2026 22:00:12.989 INFO [main] org.apache.jasper.servlet.TldScanner.scanJars At least one JAR was scanned for TLDs yet contained no TLDs. Enable debug logging for this logger for a complete list of JARs that were scanned but no TLDs were found in them. Skipping unneeded JARs during scanning can improve startup time and JSP compilation time.
10-Feb-2026 22:00:12.995 INFO [main] org.apache.catalina.startup.HostConfig.deployDirectory Deployment of web application directory [/Users/erictran/Downloads/apache-tomcat-9.0.115/webapps/ROOT] has finished in [73] ms
10-Feb-2026 22:00:12.995 INFO [main] org.apache.catalina.startup.HostConfig.deployDirectory Deploying web application directory [/Users/erictran/Downloads/apache-tomcat-9.0.115/webapps/host-manager]
10-Feb-2026 22:00:13.060 INFO [main] org.apache.jasper.servlet.TldScanner.scanJars At least one JAR was scanned for TLDs yet contained no TLDs. Enable debug logging for this logger for a complete list of JARs that were scanned but no TLDs were found in them. Skipping unneeded JARs during scanning can improve startup time and JSP compilation time.
10-Feb-2026 22:00:13.062 INFO [main] org.apache.catalina.startup.HostConfig.deployDirectory Deployment of web application directory [/Users/erictran/Downloads/apache-tomcat-9.0.115/webapps/host-manager] has finished in [67] ms
10-Feb-2026 22:00:13.063 INFO [main] org.apache.coyote.AbstractProtocol.start Starting ProtocolHandler ["http-nio-8080"]
10-Feb-2026 22:00:13.068 INFO [main] org.apache.catalina.startup.Catalina.start Server startup in [597] milliseconds
Loading class `com.mysql.jdbc.Driver'. This is deprecated. The new driver class is `com.mysql.cj.jdbc.Driver'. The driver is automatically registered via the SPI and manual loading of the driver class is generally unnecessary.
11-Feb-2026 01:06:09.715 INFO [Thread-1] org.apache.coyote.AbstractProtocol.pause Pausing ProtocolHandler ["http-nio-8080"]
11-Feb-2026 01:06:09.720 INFO [Thread-1] org.apache.catalina.core.StandardService.stopInternal Stopping service [Catalina]
11-Feb-2026 01:06:09.777 INFO [Thread-1] org.apache.coyote.AbstractProtocol.stop Stopping ProtocolHandler ["http-nio-8080"]
11-Feb-2026 01:06:10.388 WARNING [Thread-1] org.apache.tomcat.util.net.Acceptor.stopMillis The acceptor thread [http-nio-8080-Acceptor] did not stop cleanly
11-Feb-2026 01:06:10.397 INFO [Thread-1] org.apache.coyote.AbstractProtocol.destroy Destroying ProtocolHandler ["http-nio-8080"]
NOTE: Picked up JDK_JAVA_OPTIONS:  --add-opens=java.base/java.lang=ALL-UNNAMED --add-opens=java.base/java.lang.invoke=ALL-UNNAMED --add-opens=java.base/java.lang.reflect=ALL-UNNAMED --add-opens=java.base/java.io=ALL-UNNAMED --add-opens=java.base/java.util=ALL-UNNAMED --add-opens=java.base/java.util.concurrent=ALL-UNNAMED --add-opens=java.rmi/sun.rmi.transport=ALL-UNNAMED
16-Mar-2026 22:09:41.288 INFO [main] org.apache.catalina.startup.VersionLoggerListener.log Server version name:   Apache Tomcat/9.0.115
16-Mar-2026 22:09:41.290 INFO [main] org.apache.catalina.startup.VersionLoggerListener.log Server built:          Jan 21 2026 08:17:26 UTC
16-Mar-2026 22:09:41.290 INFO [main] org.apache.catalina.startup.VersionLoggerListener.log Server version number: 9.0.115.0
16-Mar-2026 22:09:41.290 INFO [main] org.apache.catalina.startup.VersionLoggerListener.log OS Name:               Mac OS X
16-Mar-2026 22:09:41.290 INFO [main] org.apache.catalina.startup.VersionLoggerListener.log OS Version:            26.3.1
16-Mar-2026 22:09:41.290 INFO [main] org.apache.catalina.startup.VersionLoggerListener.log Architecture:          aarch64
16-Mar-2026 22:09:41.290 INFO [main] org.apache.catalina.startup.VersionLoggerListener.log Java Home:             /Library/Java/JavaVirtualMachines/jdk-25.jdk/Contents/Home
16-Mar-2026 22:09:41.290 INFO [main] org.apache.catalina.startup.VersionLoggerListener.log JVM Version:           25.0.2+10-LTS-69
16-Mar-2026 22:09:41.290 INFO [main] org.apache.catalina.startup.VersionLoggerListener.log JVM Vendor:            Oracle Corporation
16-Mar-2026 22:09:41.290 INFO [main] org.apache.catalina.startup.VersionLoggerListener.log CATALINA_BASE:         /Users/erictran/Downloads/CS157A/apache-tomcat-9.0.115
16-Mar-2026 22:09:41.290 INFO [main] org.apache.catalina.startup.VersionLoggerListener.log CATALINA_HOME:         /Users/erictran/Downloads/CS157A/apache-tomcat-9.0.115
16-Mar-2026 22:09:41.330 INFO [main] org.apache.catalina.startup.VersionLoggerListener.log Command line argument: --add-opens=java.base/java.lang=ALL-UNNAMED
16-Mar-2026 22:09:41.330 INFO [main] org.apache.catalina.startup.VersionLoggerListener.log Command line argument: --add-opens=java.base/java.lang.invoke=ALL-UNNAMED
16-Mar-2026 22:09:41.331 INFO [main] org.apache.catalina.startup.VersionLoggerListener.log Command line argument: --add-opens=java.base/java.lang.reflect=ALL-UNNAMED
16-Mar-2026 22:09:41.331 INFO [main] org.apache.catalina.startup.VersionLoggerListener.log Command line argument: --add-opens=java.base/java.io=ALL-UNNAMED
16-Mar-2026 22:09:41.331 INFO [main] org.apache.catalina.startup.VersionLoggerListener.log Command line argument: --add-opens=java.base/java.util=ALL-UNNAMED
16-Mar-2026 22:09:41.331 INFO [main] org.apache.catalina.startup.VersionLoggerListener.log Command line argument: --add-opens=java.base/java.util.concurrent=ALL-UNNAMED
16-Mar-2026 22:09:41.331 INFO [main] org.apache.catalina.startup.VersionLoggerListener.log Command line argument: --add-opens=java.rmi/sun.rmi.transport=ALL-UNNAMED
16-Mar-2026 22:09:41.331 INFO [main] org.apache.catalina.startup.VersionLoggerListener.log Command line argument: -Djava.util.logging.config.file=/Users/erictran/Downloads/CS157A/apache-tomcat-9.0.115/conf/logging.properties
16-Mar-2026 22:09:41.331 INFO [main] org.apache.catalina.startup.VersionLoggerListener.log Command line argument: -Djava.util.logging.manager=org.apache.juli.ClassLoaderLogManager
16-Mar-2026 22:09:41.331 INFO [main] org.apache.catalina.startup.VersionLoggerListener.log Command line argument: -Djdk.tls.ephemeralDHKeySize=2048
16-Mar-2026 22:09:41.331 INFO [main] org.apache.catalina.startup.VersionLoggerListener.log Command line argument: -Djava.protocol.handler.pkgs=org.apache.catalina.webresources
16-Mar-2026 22:09:41.331 INFO [main] org.apache.catalina.startup.VersionLoggerListener.log Command line argument: -Dsun.io.useCanonCaches=false
16-Mar-2026 22:09:41.331 INFO [main] org.apache.catalina.startup.VersionLoggerListener.log Command line argument: -Dorg.apache.catalina.security.SecurityListener.UMASK=0027
16-Mar-2026 22:09:41.331 INFO [main] org.apache.catalina.startup.VersionLoggerListener.log Command line argument: -Dignore.endorsed.dirs=
16-Mar-2026 22:09:41.331 INFO [main] org.apache.catalina.startup.VersionLoggerListener.log Command line argument: -Dcatalina.base=/Users/erictran/Downloads/CS157A/apache-tomcat-9.0.115
16-Mar-2026 22:09:41.331 INFO [main] org.apache.catalina.startup.VersionLoggerListener.log Command line argument: -Dcatalina.home=/Users/erictran/Downloads/CS157A/apache-tomcat-9.0.115
16-Mar-2026 22:09:41.331 INFO [main] org.apache.catalina.startup.VersionLoggerListener.log Command line argument: -Djava.io.tmpdir=/Users/erictran/Downloads/CS157A/apache-tomcat-9.0.115/temp
WARNING: A restricted method in java.lang.System has been called
WARNING: java.lang.System::load has been called by org.apache.tomcat.jni.Library in an unnamed module (file:/Users/erictran/Downloads/CS157A/apache-tomcat-9.0.115/lib/tomcat-jni.jar)
WARNING: Use --enable-native-access=ALL-UNNAMED to avoid a warning for callers in this module
WARNING: Restricted methods will be blocked in a future release unless native access is enabled

16-Mar-2026 22:09:41.337 INFO [main] org.apache.catalina.core.AprLifecycleListener.lifecycleEvent The Apache Tomcat Native library which allows using OpenSSL was not found on the java.library.path: [/Users/erictran/Library/Java/Extensions:/Library/Java/Extensions:/Network/Library/Java/Extensions:/System/Library/Java/Extensions:/usr/lib/java:.]
16-Mar-2026 22:09:41.464 INFO [main] org.apache.coyote.AbstractProtocol.init Initializing ProtocolHandler ["http-nio-8080"]
16-Mar-2026 22:09:41.495 INFO [main] org.apache.catalina.startup.Catalina.load Server initialization in [279] milliseconds
16-Mar-2026 22:09:41.509 INFO [main] org.apache.catalina.core.StandardService.startInternal Starting service [Catalina]
16-Mar-2026 22:09:41.509 INFO [main] org.apache.catalina.core.StandardEngine.startInternal Starting Servlet engine: [Apache Tomcat/9.0.115]
16-Mar-2026 22:09:41.511 INFO [main] org.apache.catalina.startup.HostConfig.deployDirectory Deploying web application directory [/Users/erictran/Downloads/CS157A/apache-tomcat-9.0.115/webapps/docs]
16-Mar-2026 22:09:41.707 INFO [main] org.apache.jasper.servlet.TldScanner.scanJars At least one JAR was scanned for TLDs yet contained no TLDs. Enable debug logging for this logger for a complete list of JARs that were scanned but no TLDs were found in them. Skipping unneeded JARs during scanning can improve startup time and JSP compilation time.
16-Mar-2026 22:09:41.720 INFO [main] org.apache.catalina.startup.HostConfig.deployDirectory Deployment of web application directory [/Users/erictran/Downloads/CS157A/apache-tomcat-9.0.115/webapps/docs] has finished in [208] ms
16-Mar-2026 22:09:41.720 INFO [main] org.apache.catalina.startup.HostConfig.deployDirectory Deploying web application directory [/Users/erictran/Downloads/CS157A/apache-tomcat-9.0.115/webapps/TaskMe]
16-Mar-2026 22:09:41.801 INFO [main] org.apache.jasper.servlet.TldScanner.scanJars At least one JAR was scanned for TLDs yet contained no TLDs. Enable debug logging for this logger for a complete list of JARs that were scanned but no TLDs were found in them. Skipping unneeded JARs during scanning can improve startup time and JSP compilation time.
16-Mar-2026 22:09:41.804 INFO [main] org.apache.catalina.startup.HostConfig.deployDirectory Deployment of web application directory [/Users/erictran/Downloads/CS157A/apache-tomcat-9.0.115/webapps/TaskMe] has finished in [84] ms
16-Mar-2026 22:09:41.804 INFO [main] org.apache.catalina.startup.HostConfig.deployDirectory Deploying web application directory [/Users/erictran/Downloads/CS157A/apache-tomcat-9.0.115/webapps/manager]
16-Mar-2026 22:09:41.880 INFO [main] org.apache.jasper.servlet.TldScanner.scanJars At least one JAR was scanned for TLDs yet contained no TLDs. Enable debug logging for this logger for a complete list of JARs that were scanned but no TLDs were found in them. Skipping unneeded JARs during scanning can improve startup time and JSP compilation time.
16-Mar-2026 22:09:41.883 INFO [main] org.apache.catalina.startup.HostConfig.deployDirectory Deployment of web application directory [/Users/erictran/Downloads/CS157A/apache-tomcat-9.0.115/webapps/manager] has finished in [79] ms
16-Mar-2026 22:09:41.883 INFO [main] org.apache.catalina.startup.HostConfig.deployDirectory Deploying web application directory [/Users/erictran/Downloads/CS157A/apache-tomcat-9.0.115/webapps/examples]
16-Mar-2026 22:09:42.018 INFO [main] org.apache.jasper.servlet.TldScanner.scanJars At least one JAR was scanned for TLDs yet contained no TLDs. Enable debug logging for this logger for a complete list of JARs that were scanned but no TLDs were found in them. Skipping unneeded JARs during scanning can improve startup time and JSP compilation time.
16-Mar-2026 22:09:42.024 INFO [main] org.apache.catalina.startup.HostConfig.deployDirectory Deployment of web application directory [/Users/erictran/Downloads/CS157A/apache-tomcat-9.0.115/webapps/examples] has finished in [140] ms
16-Mar-2026 22:09:42.024 INFO [main] org.apache.catalina.startup.HostConfig.deployDirectory Deploying web application directory [/Users/erictran/Downloads/CS157A/apache-tomcat-9.0.115/webapps/ROOT]
16-Mar-2026 22:09:42.090 INFO [main] org.apache.jasper.servlet.TldScanner.scanJars At least one JAR was scanned for TLDs yet contained no TLDs. Enable debug logging for this logger for a complete list of JARs that were scanned but no TLDs were found in them. Skipping unneeded JARs during scanning can improve startup time and JSP compilation time.
16-Mar-2026 22:09:42.090 INFO [main] org.apache.catalina.startup.HostConfig.deployDirectory Deployment of web application directory [/Users/erictran/Downloads/CS157A/apache-tomcat-9.0.115/webapps/ROOT] has finished in [66] ms
16-Mar-2026 22:09:42.091 INFO [main] org.apache.catalina.startup.HostConfig.deployDirectory Deploying web application directory [/Users/erictran/Downloads/CS157A/apache-tomcat-9.0.115/webapps/host-manager]
16-Mar-2026 22:09:42.159 INFO [main] org.apache.jasper.servlet.TldScanner.scanJars At least one JAR was scanned for TLDs yet contained no TLDs. Enable debug logging for this logger for a complete list of JARs that were scanned but no TLDs were found in them. Skipping unneeded JARs during scanning can improve startup time and JSP compilation time.
16-Mar-2026 22:09:42.160 INFO [main] org.apache.catalina.startup.HostConfig.deployDirectory Deployment of web application directory [/Users/erictran/Downloads/CS157A/apache-tomcat-9.0.115/webapps/host-manager] has finished in [70] ms
16-Mar-2026 22:09:42.162 INFO [main] org.apache.coyote.AbstractProtocol.start Starting ProtocolHandler ["http-nio-8080"]
16-Mar-2026 22:09:42.165 INFO [main] org.apache.catalina.startup.Catalina.start Server startup in [669] milliseconds
16-Mar-2026 22:25:29.393 INFO [main] org.apache.catalina.core.StandardServer.await A valid shutdown command was received via the shutdown port. Stopping the Server instance.
16-Mar-2026 22:25:29.394 INFO [main] org.apache.coyote.AbstractProtocol.pause Pausing ProtocolHandler ["http-nio-8080"]
16-Mar-2026 22:25:30.398 INFO [main] org.apache.catalina.core.StandardService.stopInternal Stopping service [Catalina]
16-Mar-2026 22:25:30.429 INFO [main] org.apache.coyote.AbstractProtocol.stop Stopping ProtocolHandler ["http-nio-8080"]
16-Mar-2026 22:25:31.030 WARNING [main] org.apache.tomcat.util.net.Acceptor.stopMillis The acceptor thread [http-nio-8080-Acceptor] did not stop cleanly
16-Mar-2026 22:25:31.038 INFO [main] org.apache.coyote.AbstractProtocol.destroy Destroying ProtocolHandler ["http-nio-8080"]
NOTE: Picked up JDK_JAVA_OPTIONS:  --add-opens=java.base/java.lang=ALL-UNNAMED --add-opens=java.base/java.lang.invoke=ALL-UNNAMED --add-opens=java.base/java.lang.reflect=ALL-UNNAMED --add-opens=java.base/java.io=ALL-UNNAMED --add-opens=java.base/java.util=ALL-UNNAMED --add-opens=java.base/java.util.concurrent=ALL-UNNAMED --add-opens=java.rmi/sun.rmi.transport=ALL-UNNAMED
16-Mar-2026 22:25:32.680 INFO [main] org.apache.catalina.startup.VersionLoggerListener.log Server version name:   Apache Tomcat/9.0.115
16-Mar-2026 22:25:32.681 INFO [main] org.apache.catalina.startup.VersionLoggerListener.log Server built:          Jan 21 2026 08:17:26 UTC
16-Mar-2026 22:25:32.681 INFO [main] org.apache.catalina.startup.VersionLoggerListener.log Server version number: 9.0.115.0
16-Mar-2026 22:25:32.681 INFO [main] org.apache.catalina.startup.VersionLoggerListener.log OS Name:               Mac OS X
16-Mar-2026 22:25:32.681 INFO [main] org.apache.catalina.startup.VersionLoggerListener.log OS Version:            26.3.1
16-Mar-2026 22:25:32.682 INFO [main] org.apache.catalina.startup.VersionLoggerListener.log Architecture:          aarch64
16-Mar-2026 22:25:32.682 INFO [main] org.apache.catalina.startup.VersionLoggerListener.log Java Home:             /Library/Java/JavaVirtualMachines/jdk-25.jdk/Contents/Home
16-Mar-2026 22:25:32.682 INFO [main] org.apache.catalina.startup.VersionLoggerListener.log JVM Version:           25.0.2+10-LTS-69
16-Mar-2026 22:25:32.682 INFO [main] org.apache.catalina.startup.VersionLoggerListener.log JVM Vendor:            Oracle Corporation
16-Mar-2026 22:25:32.682 INFO [main] org.apache.catalina.startup.VersionLoggerListener.log CATALINA_BASE:         /Users/erictran/Downloads/CS157A/apache-tomcat-9.0.115
16-Mar-2026 22:25:32.682 INFO [main] org.apache.catalina.startup.VersionLoggerListener.log CATALINA_HOME:         /Users/erictran/Downloads/CS157A/apache-tomcat-9.0.115
16-Mar-2026 22:25:32.686 INFO [main] org.apache.catalina.startup.VersionLoggerListener.log Command line argument: --add-opens=java.base/java.lang=ALL-UNNAMED
16-Mar-2026 22:25:32.686 INFO [main] org.apache.catalina.startup.VersionLoggerListener.log Command line argument: --add-opens=java.base/java.lang.invoke=ALL-UNNAMED
16-Mar-2026 22:25:32.686 INFO [main] org.apache.catalina.startup.VersionLoggerListener.log Command line argument: --add-opens=java.base/java.lang.reflect=ALL-UNNAMED
16-Mar-2026 22:25:32.686 INFO [main] org.apache.catalina.startup.VersionLoggerListener.log Command line argument: --add-opens=java.base/java.io=ALL-UNNAMED
16-Mar-2026 22:25:32.686 INFO [main] org.apache.catalina.startup.VersionLoggerListener.log Command line argument: --add-opens=java.base/java.util=ALL-UNNAMED
16-Mar-2026 22:25:32.686 INFO [main] org.apache.catalina.startup.VersionLoggerListener.log Command line argument: --add-opens=java.base/java.util.concurrent=ALL-UNNAMED
16-Mar-2026 22:25:32.686 INFO [main] org.apache.catalina.startup.VersionLoggerListener.log Command line argument: --add-opens=java.rmi/sun.rmi.transport=ALL-UNNAMED
16-Mar-2026 22:25:32.686 INFO [main] org.apache.catalina.startup.VersionLoggerListener.log Command line argument: -Djava.util.logging.config.file=/Users/erictran/Downloads/CS157A/apache-tomcat-9.0.115/conf/logging.properties
16-Mar-2026 22:25:32.686 INFO [main] org.apache.catalina.startup.VersionLoggerListener.log Command line argument: -Djava.util.logging.manager=org.apache.juli.ClassLoaderLogManager
16-Mar-2026 22:25:32.686 INFO [main] org.apache.catalina.startup.VersionLoggerListener.log Command line argument: -Djdk.tls.ephemeralDHKeySize=2048
16-Mar-2026 22:25:32.686 INFO [main] org.apache.catalina.startup.VersionLoggerListener.log Command line argument: -Djava.protocol.handler.pkgs=org.apache.catalina.webresources
16-Mar-2026 22:25:32.686 INFO [main] org.apache.catalina.startup.VersionLoggerListener.log Command line argument: -Dsun.io.useCanonCaches=false
16-Mar-2026 22:25:32.686 INFO [main] org.apache.catalina.startup.VersionLoggerListener.log Command line argument: -Dorg.apache.catalina.security.SecurityListener.UMASK=0027
16-Mar-2026 22:25:32.686 INFO [main] org.apache.catalina.startup.VersionLoggerListener.log Command line argument: -Dignore.endorsed.dirs=
16-Mar-2026 22:25:32.686 INFO [main] org.apache.catalina.startup.VersionLoggerListener.log Command line argument: -Dcatalina.base=/Users/erictran/Downloads/CS157A/apache-tomcat-9.0.115
16-Mar-2026 22:25:32.687 INFO [main] org.apache.catalina.startup.VersionLoggerListener.log Command line argument: -Dcatalina.home=/Users/erictran/Downloads/CS157A/apache-tomcat-9.0.115
16-Mar-2026 22:25:32.687 INFO [main] org.apache.catalina.startup.VersionLoggerListener.log Command line argument: -Djava.io.tmpdir=/Users/erictran/Downloads/CS157A/apache-tomcat-9.0.115/temp
WARNING: A restricted method in java.lang.System has been called
WARNING: java.lang.System::load has been called by org.apache.tomcat.jni.Library in an unnamed module (file:/Users/erictran/Downloads/CS157A/apache-tomcat-9.0.115/lib/tomcat-jni.jar)
WARNING: Use --enable-native-access=ALL-UNNAMED to avoid a warning for callers in this module
WARNING: Restricted methods will be blocked in a future release unless native access is enabled

16-Mar-2026 22:25:32.692 INFO [main] org.apache.catalina.core.AprLifecycleListener.lifecycleEvent The Apache Tomcat Native library which allows using OpenSSL was not found on the java.library.path: [/Users/erictran/Library/Java/Extensions:/Library/Java/Extensions:/Network/Library/Java/Extensions:/System/Library/Java/Extensions:/usr/lib/java:.]
16-Mar-2026 22:25:32.819 INFO [main] org.apache.coyote.AbstractProtocol.init Initializing ProtocolHandler ["http-nio-8080"]
16-Mar-2026 22:25:32.829 INFO [main] org.apache.catalina.startup.Catalina.load Server initialization in [252] milliseconds
16-Mar-2026 22:25:32.841 INFO [main] org.apache.catalina.core.StandardService.startInternal Starting service [Catalina]
16-Mar-2026 22:25:32.842 INFO [main] org.apache.catalina.core.StandardEngine.startInternal Starting Servlet engine: [Apache Tomcat/9.0.115]
16-Mar-2026 22:25:32.844 INFO [main] org.apache.catalina.startup.HostConfig.deployDirectory Deploying web application directory [/Users/erictran/Downloads/CS157A/apache-tomcat-9.0.115/webapps/docs]
16-Mar-2026 22:25:33.014 INFO [main] org.apache.jasper.servlet.TldScanner.scanJars At least one JAR was scanned for TLDs yet contained no TLDs. Enable debug logging for this logger for a complete list of JARs that were scanned but no TLDs were found in them. Skipping unneeded JARs during scanning can improve startup time and JSP compilation time.
16-Mar-2026 22:25:33.026 INFO [main] org.apache.catalina.startup.HostConfig.deployDirectory Deployment of web application directory [/Users/erictran/Downloads/CS157A/apache-tomcat-9.0.115/webapps/docs] has finished in [181] ms
16-Mar-2026 22:25:33.027 INFO [main] org.apache.catalina.startup.HostConfig.deployDirectory Deploying web application directory [/Users/erictran/Downloads/CS157A/apache-tomcat-9.0.115/webapps/TaskMe]
16-Mar-2026 22:25:33.105 INFO [main] org.apache.jasper.servlet.TldScanner.scanJars At least one JAR was scanned for TLDs yet contained no TLDs. Enable debug logging for this logger for a complete list of JARs that were scanned but no TLDs were found in them. Skipping unneeded JARs during scanning can improve startup time and JSP compilation time.
16-Mar-2026 22:25:33.107 INFO [main] org.apache.catalina.startup.HostConfig.deployDirectory Deployment of web application directory [/Users/erictran/Downloads/CS157A/apache-tomcat-9.0.115/webapps/TaskMe] has finished in [80] ms
16-Mar-2026 22:25:33.107 INFO [main] org.apache.catalina.startup.HostConfig.deployDirectory Deploying web application directory [/Users/erictran/Downloads/CS157A/apache-tomcat-9.0.115/webapps/manager]
16-Mar-2026 22:25:33.181 INFO [main] org.apache.jasper.servlet.TldScanner.scanJars At least one JAR was scanned for TLDs yet contained no TLDs. Enable debug logging for this logger for a complete list of JARs that were scanned but no TLDs were found in them. Skipping unneeded JARs during scanning can improve startup time and JSP compilation time.
16-Mar-2026 22:25:33.184 INFO [main] org.apache.catalina.startup.HostConfig.deployDirectory Deployment of web application directory [/Users/erictran/Downloads/CS157A/apache-tomcat-9.0.115/webapps/manager] has finished in [77] ms
16-Mar-2026 22:25:33.184 INFO [main] org.apache.catalina.startup.HostConfig.deployDirectory Deploying web application directory [/Users/erictran/Downloads/CS157A/apache-tomcat-9.0.115/webapps/examples]
16-Mar-2026 22:25:33.310 INFO [main] org.apache.jasper.servlet.TldScanner.scanJars At least one JAR was scanned for TLDs yet contained no TLDs. Enable debug logging for this logger for a complete list of JARs that were scanned but no TLDs were found in them. Skipping unneeded JARs during scanning can improve startup time and JSP compilation time.
16-Mar-2026 22:25:33.316 INFO [main] org.apache.catalina.startup.HostConfig.deployDirectory Deployment of web application directory [/Users/erictran/Downloads/CS157A/apache-tomcat-9.0.115/webapps/examples] has finished in [132] ms
16-Mar-2026 22:25:33.316 INFO [main] org.apache.catalina.startup.HostConfig.deployDirectory Deploying web application directory [/Users/erictran/Downloads/CS157A/apache-tomcat-9.0.115/webapps/ROOT]
16-Mar-2026 22:25:33.380 INFO [main] org.apache.jasper.servlet.TldScanner.scanJars At least one JAR was scanned for TLDs yet contained no TLDs. Enable debug logging for this logger for a complete list of JARs that were scanned but no TLDs were found in them. Skipping unneeded JARs during scanning can improve startup time and JSP compilation time.
16-Mar-2026 22:25:33.380 INFO [main] org.apache.catalina.startup.HostConfig.deployDirectory Deployment of web application directory [/Users/erictran/Downloads/CS157A/apache-tomcat-9.0.115/webapps/ROOT] has finished in [64] ms
16-Mar-2026 22:25:33.381 INFO [main] org.apache.catalina.startup.HostConfig.deployDirectory Deploying web application directory [/Users/erictran/Downloads/CS157A/apache-tomcat-9.0.115/webapps/host-manager]
16-Mar-2026 22:25:33.445 INFO [main] org.apache.jasper.servlet.TldScanner.scanJars At least one JAR was scanned for TLDs yet contained no TLDs. Enable debug logging for this logger for a complete list of JARs that were scanned but no TLDs were found in them. Skipping unneeded JARs during scanning can improve startup time and JSP compilation time.
16-Mar-2026 22:25:33.445 INFO [main] org.apache.catalina.startup.HostConfig.deployDirectory Deployment of web application directory [/Users/erictran/Downloads/CS157A/apache-tomcat-9.0.115/webapps/host-manager] has finished in [64] ms
16-Mar-2026 22:25:33.447 INFO [main] org.apache.coyote.AbstractProtocol.start Starting ProtocolHandler ["http-nio-8080"]
16-Mar-2026 22:25:33.451 INFO [main] org.apache.catalina.startup.Catalina.start Server startup in [621] milliseconds
16-Mar-2026 23:21:00.132 INFO [Thread-1] org.apache.coyote.AbstractProtocol.pause Pausing ProtocolHandler ["http-nio-8080"]
16-Mar-2026 23:21:00.139 INFO [Thread-1] org.apache.catalina.core.StandardService.stopInternal Stopping service [Catalina]
16-Mar-2026 23:21:00.212 INFO [Thread-1] org.apache.coyote.AbstractProtocol.stop Stopping ProtocolHandler ["http-nio-8080"]
16-Mar-2026 23:21:00.818 WARNING [Thread-1] org.apache.tomcat.util.net.Acceptor.stopMillis The acceptor thread [http-nio-8080-Acceptor] did not stop cleanly
16-Mar-2026 23:21:00.826 INFO [Thread-1] org.apache.coyote.AbstractProtocol.destroy Destroying ProtocolHandler ["http-nio-8080"]
NOTE: Picked up JDK_JAVA_OPTIONS:  --add-opens=java.base/java.lang=ALL-UNNAMED --add-opens=java.base/java.lang.invoke=ALL-UNNAMED --add-opens=java.base/java.lang.reflect=ALL-UNNAMED --add-opens=java.base/java.io=ALL-UNNAMED --add-opens=java.base/java.util=ALL-UNNAMED --add-opens=java.base/java.util.concurrent=ALL-UNNAMED --add-opens=java.rmi/sun.rmi.transport=ALL-UNNAMED
17-Mar-2026 15:25:36.574 INFO [main] org.apache.catalina.startup.VersionLoggerListener.log Server version name:   Apache Tomcat/9.0.115
17-Mar-2026 15:25:36.576 INFO [main] org.apache.catalina.startup.VersionLoggerListener.log Server built:          Jan 21 2026 08:17:26 UTC
17-Mar-2026 15:25:36.576 INFO [main] org.apache.catalina.startup.VersionLoggerListener.log Server version number: 9.0.115.0
17-Mar-2026 15:25:36.576 INFO [main] org.apache.catalina.startup.VersionLoggerListener.log OS Name:               Mac OS X
17-Mar-2026 15:25:36.576 INFO [main] org.apache.catalina.startup.VersionLoggerListener.log OS Version:            26.3.1
17-Mar-2026 15:25:36.576 INFO [main] org.apache.catalina.startup.VersionLoggerListener.log Architecture:          aarch64
17-Mar-2026 15:25:36.576 INFO [main] org.apache.catalina.startup.VersionLoggerListener.log Java Home:             /Library/Java/JavaVirtualMachines/jdk-25.jdk/Contents/Home
17-Mar-2026 15:25:36.576 INFO [main] org.apache.catalina.startup.VersionLoggerListener.log JVM Version:           25.0.2+10-LTS-69
17-Mar-2026 15:25:36.576 INFO [main] org.apache.catalina.startup.VersionLoggerListener.log JVM Vendor:            Oracle Corporation
17-Mar-2026 15:25:36.576 INFO [main] org.apache.catalina.startup.VersionLoggerListener.log CATALINA_BASE:         /Users/erictran/Downloads/CS157A/CS157A-S1-14/apache-tomcat-9.0.115
17-Mar-2026 15:25:36.576 INFO [main] org.apache.catalina.startup.VersionLoggerListener.log CATALINA_HOME:         /Users/erictran/Downloads/CS157A/CS157A-S1-14/apache-tomcat-9.0.115
17-Mar-2026 15:25:36.616 INFO [main] org.apache.catalina.startup.VersionLoggerListener.log Command line argument: --add-opens=java.base/java.lang=ALL-UNNAMED
17-Mar-2026 15:25:36.616 INFO [main] org.apache.catalina.startup.VersionLoggerListener.log Command line argument: --add-opens=java.base/java.lang.invoke=ALL-UNNAMED
17-Mar-2026 15:25:36.617 INFO [main] org.apache.catalina.startup.VersionLoggerListener.log Command line argument: --add-opens=java.base/java.lang.reflect=ALL-UNNAMED
17-Mar-2026 15:25:36.617 INFO [main] org.apache.catalina.startup.VersionLoggerListener.log Command line argument: --add-opens=java.base/java.io=ALL-UNNAMED
17-Mar-2026 15:25:36.617 INFO [main] org.apache.catalina.startup.VersionLoggerListener.log Command line argument: --add-opens=java.base/java.util=ALL-UNNAMED
17-Mar-2026 15:25:36.617 INFO [main] org.apache.catalina.startup.VersionLoggerListener.log Command line argument: --add-opens=java.base/java.util.concurrent=ALL-UNNAMED
17-Mar-2026 15:25:36.617 INFO [main] org.apache.catalina.startup.VersionLoggerListener.log Command line argument: --add-opens=java.rmi/sun.rmi.transport=ALL-UNNAMED
17-Mar-2026 15:25:36.617 INFO [main] org.apache.catalina.startup.VersionLoggerListener.log Command line argument: -Djava.util.logging.config.file=/Users/erictran/Downloads/CS157A/CS157A-S1-14/apache-tomcat-9.0.115/conf/logging.properties
17-Mar-2026 15:25:36.617 INFO [main] org.apache.catalina.startup.VersionLoggerListener.log Command line argument: -Djava.util.logging.manager=org.apache.juli.ClassLoaderLogManager
17-Mar-2026 15:25:36.617 INFO [main] org.apache.catalina.startup.VersionLoggerListener.log Command line argument: -Djdk.tls.ephemeralDHKeySize=2048
17-Mar-2026 15:25:36.617 INFO [main] org.apache.catalina.startup.VersionLoggerListener.log Command line argument: -Djava.protocol.handler.pkgs=org.apache.catalina.webresources
17-Mar-2026 15:25:36.617 INFO [main] org.apache.catalina.startup.VersionLoggerListener.log Command line argument: -Dsun.io.useCanonCaches=false
17-Mar-2026 15:25:36.617 INFO [main] org.apache.catalina.startup.VersionLoggerListener.log Command line argument: -Dorg.apache.catalina.security.SecurityListener.UMASK=0027
17-Mar-2026 15:25:36.617 INFO [main] org.apache.catalina.startup.VersionLoggerListener.log Command line argument: -Dignore.endorsed.dirs=
17-Mar-2026 15:25:36.617 INFO [main] org.apache.catalina.startup.VersionLoggerListener.log Command line argument: -Dcatalina.base=/Users/erictran/Downloads/CS157A/CS157A-S1-14/apache-tomcat-9.0.115
17-Mar-2026 15:25:36.617 INFO [main] org.apache.catalina.startup.VersionLoggerListener.log Command line argument: -Dcatalina.home=/Users/erictran/Downloads/CS157A/CS157A-S1-14/apache-tomcat-9.0.115
17-Mar-2026 15:25:36.617 INFO [main] org.apache.catalina.startup.VersionLoggerListener.log Command line argument: -Djava.io.tmpdir=/Users/erictran/Downloads/CS157A/CS157A-S1-14/apache-tomcat-9.0.115/temp
WARNING: A restricted method in java.lang.System has been called
WARNING: java.lang.System::load has been called by org.apache.tomcat.jni.Library in an unnamed module (file:/Users/erictran/Downloads/CS157A/CS157A-S1-14/apache-tomcat-9.0.115/lib/tomcat-jni.jar)
WARNING: Use --enable-native-access=ALL-UNNAMED to avoid a warning for callers in this module
WARNING: Restricted methods will be blocked in a future release unless native access is enabled

17-Mar-2026 15:25:36.623 INFO [main] org.apache.catalina.core.AprLifecycleListener.lifecycleEvent The Apache Tomcat Native library which allows using OpenSSL was not found on the java.library.path: [/Users/erictran/Library/Java/Extensions:/Library/Java/Extensions:/Network/Library/Java/Extensions:/System/Library/Java/Extensions:/usr/lib/java:.]
17-Mar-2026 15:25:36.767 INFO [main] org.apache.coyote.AbstractProtocol.init Initializing ProtocolHandler ["http-nio-8080"]
17-Mar-2026 15:25:36.795 INFO [main] org.apache.catalina.startup.Catalina.load Server initialization in [308] milliseconds
17-Mar-2026 15:25:36.811 INFO [main] org.apache.catalina.core.StandardService.startInternal Starting service [Catalina]
17-Mar-2026 15:25:36.811 INFO [main] org.apache.catalina.core.StandardEngine.startInternal Starting Servlet engine: [Apache Tomcat/9.0.115]
17-Mar-2026 15:25:36.813 INFO [main] org.apache.catalina.startup.HostConfig.deployDirectory Deploying web application directory [/Users/erictran/Downloads/CS157A/CS157A-S1-14/apache-tomcat-9.0.115/webapps/docs]
17-Mar-2026 15:25:37.010 INFO [main] org.apache.jasper.servlet.TldScanner.scanJars At least one JAR was scanned for TLDs yet contained no TLDs. Enable debug logging for this logger for a complete list of JARs that were scanned but no TLDs were found in them. Skipping unneeded JARs during scanning can improve startup time and JSP compilation time.
17-Mar-2026 15:25:37.025 INFO [main] org.apache.catalina.startup.HostConfig.deployDirectory Deployment of web application directory [/Users/erictran/Downloads/CS157A/CS157A-S1-14/apache-tomcat-9.0.115/webapps/docs] has finished in [210] ms
17-Mar-2026 15:25:37.025 INFO [main] org.apache.catalina.startup.HostConfig.deployDirectory Deploying web application directory [/Users/erictran/Downloads/CS157A/CS157A-S1-14/apache-tomcat-9.0.115/webapps/TaskME]
17-Mar-2026 15:25:37.107 INFO [main] org.apache.jasper.servlet.TldScanner.scanJars At least one JAR was scanned for TLDs yet contained no TLDs. Enable debug logging for this logger for a complete list of JARs that were scanned but no TLDs were found in them. Skipping unneeded JARs during scanning can improve startup time and JSP compilation time.
17-Mar-2026 15:25:37.111 INFO [main] org.apache.catalina.startup.HostConfig.deployDirectory Deployment of web application directory [/Users/erictran/Downloads/CS157A/CS157A-S1-14/apache-tomcat-9.0.115/webapps/TaskME] has finished in [86] ms
17-Mar-2026 15:25:37.111 INFO [main] org.apache.catalina.startup.HostConfig.deployDirectory Deploying web application directory [/Users/erictran/Downloads/CS157A/CS157A-S1-14/apache-tomcat-9.0.115/webapps/manager]
17-Mar-2026 15:25:37.187 INFO [main] org.apache.jasper.servlet.TldScanner.scanJars At least one JAR was scanned for TLDs yet contained no TLDs. Enable debug logging for this logger for a complete list of JARs that were scanned but no TLDs were found in them. Skipping unneeded JARs during scanning can improve startup time and JSP compilation time.
17-Mar-2026 15:25:37.190 INFO [main] org.apache.catalina.startup.HostConfig.deployDirectory Deployment of web application directory [/Users/erictran/Downloads/CS157A/CS157A-S1-14/apache-tomcat-9.0.115/webapps/manager] has finished in [79] ms
17-Mar-2026 15:25:37.190 INFO [main] org.apache.catalina.startup.HostConfig.deployDirectory Deploying web application directory [/Users/erictran/Downloads/CS157A/CS157A-S1-14/apache-tomcat-9.0.115/webapps/examples]
17-Mar-2026 15:25:37.324 INFO [main] org.apache.jasper.servlet.TldScanner.scanJars At least one JAR was scanned for TLDs yet contained no TLDs. Enable debug logging for this logger for a complete list of JARs that were scanned but no TLDs were found in them. Skipping unneeded JARs during scanning can improve startup time and JSP compilation time.
17-Mar-2026 15:25:37.331 INFO [main] org.apache.catalina.startup.HostConfig.deployDirectory Deployment of web application directory [/Users/erictran/Downloads/CS157A/CS157A-S1-14/apache-tomcat-9.0.115/webapps/examples] has finished in [141] ms
17-Mar-2026 15:25:37.331 INFO [main] org.apache.catalina.startup.HostConfig.deployDirectory Deploying web application directory [/Users/erictran/Downloads/CS157A/CS157A-S1-14/apache-tomcat-9.0.115/webapps/ROOT]
17-Mar-2026 15:25:37.397 INFO [main] org.apache.jasper.servlet.TldScanner.scanJars At least one JAR was scanned for TLDs yet contained no TLDs. Enable debug logging for this logger for a complete list of JARs that were scanned but no TLDs were found in them. Skipping unneeded JARs during scanning can improve startup time and JSP compilation time.
17-Mar-2026 15:25:37.397 INFO [main] org.apache.catalina.startup.HostConfig.deployDirectory Deployment of web application directory [/Users/erictran/Downloads/CS157A/CS157A-S1-14/apache-tomcat-9.0.115/webapps/ROOT] has finished in [66] ms
17-Mar-2026 15:25:37.397 INFO [main] org.apache.catalina.startup.HostConfig.deployDirectory Deploying web application directory [/Users/erictran/Downloads/CS157A/CS157A-S1-14/apache-tomcat-9.0.115/webapps/host-manager]
17-Mar-2026 15:25:37.466 INFO [main] org.apache.jasper.servlet.TldScanner.scanJars At least one JAR was scanned for TLDs yet contained no TLDs. Enable debug logging for this logger for a complete list of JARs that were scanned but no TLDs were found in them. Skipping unneeded JARs during scanning can improve startup time and JSP compilation time.
17-Mar-2026 15:25:37.466 INFO [main] org.apache.catalina.startup.HostConfig.deployDirectory Deployment of web application directory [/Users/erictran/Downloads/CS157A/CS157A-S1-14/apache-tomcat-9.0.115/webapps/host-manager] has finished in [69] ms
17-Mar-2026 15:25:37.468 INFO [main] org.apache.coyote.AbstractProtocol.start Starting ProtocolHandler ["http-nio-8080"]
17-Mar-2026 15:25:37.473 INFO [main] org.apache.catalina.startup.Catalina.start Server startup in [677] milliseconds
