17-Mar-2026 15:25:36.574 INFO [main] org.apache.catalina.startup.VersionLoggerListener.log Server version name:   Apache Tomcat/9.0.115
17-Mar-2026 15:25:36.576 INFO [main] org.apache.catalina.startup.VersionLoggerListener.log Server built:          Jan 21 2026 08:17:26 UTC
17-Mar-2026 15:25:36.576 INFO [main] org.apache.catalina.startup.VersionLoggerListener.log Server version number: 9.0.115.0
17-Mar-2026 15:25:36.576 INFO [main] org.apache.catalina.startup.VersionLoggerListener.log OS Name:               Mac OS X
17-Mar-2026 15:25:36.576 INFO [main] org.apache.catalina.startup.VersionLoggerListener.log OS Version:            26.3.1
17-Mar-2026 15:25:36.576 INFO [main] org.apache.catalina.startup.VersionLoggerListener.log Architecture:          aarch64
17-Mar-2026 15:25:36.576 INFO [main] org.apache.catalina.startup.VersionLoggerListener.log Java Home:             /Library/Java/JavaVirtualMachines/jdk-25.jdk/Contents/Home
17-Mar-2026 15:25:36.576 INFO [main] org.apache.catalina.startup.VersionLoggerListener.log JVM Version:           25.0.2+10-LTS-69
17-Mar-2026 15:25:36.576 INFO [main] org.apache.catalina.startup.VersionLoggerListener.log JVM Vendor:            Oracle Corporation
17-Mar-2026 15:25:36.576 INFO [main] org.apache.catalina.startup.VersionLoggerListener.log CATALINA_BASE:         /Users/erictran/Downloads/CS157A/CS157A-S1-14/apache-tomcat-9.0.115
17-Mar-2026 15:25:36.576 INFO [main] org.apache.catalina.startup.VersionLoggerListener.log CATALINA_HOME:         /Users/erictran/Downloads/CS157A/CS157A-S1-14/apache-tomcat-9.0.115
17-Mar-2026 15:25:36.616 INFO [main] org.apache.catalina.startup.VersionLoggerListener.log Command line argument: --add-opens=java.base/java.lang=ALL-UNNAMED
17-Mar-2026 15:25:36.616 INFO [main] org.apache.catalina.startup.VersionLoggerListener.log Command line argument: --add-opens=java.base/java.lang.invoke=ALL-UNNAMED
17-Mar-2026 15:25:36.617 INFO [main] org.apache.catalina.startup.VersionLoggerListener.log Command line argument: --add-opens=java.base/java.lang.reflect=ALL-UNNAMED
17-Mar-2026 15:25:36.617 INFO [main] org.apache.catalina.startup.VersionLoggerListener.log Command line argument: --add-opens=java.base/java.io=ALL-UNNAMED
17-Mar-2026 15:25:36.617 INFO [main] org.apache.catalina.startup.VersionLoggerListener.log Command line argument: --add-opens=java.base/java.util=ALL-UNNAMED
17-Mar-2026 15:25:36.617 INFO [main] org.apache.catalina.startup.VersionLoggerListener.log Command line argument: --add-opens=java.base/java.util.concurrent=ALL-UNNAMED
17-Mar-2026 15:25:36.617 INFO [main] org.apache.catalina.startup.VersionLoggerListener.log Command line argument: --add-opens=java.rmi/sun.rmi.transport=ALL-UNNAMED
17-Mar-2026 15:25:36.617 INFO [main] org.apache.catalina.startup.VersionLoggerListener.log Command line argument: -Djava.util.logging.config.file=/Users/erictran/Downloads/CS157A/CS157A-S1-14/apache-tomcat-9.0.115/conf/logging.properties
17-Mar-2026 15:25:36.617 INFO [main] org.apache.catalina.startup.VersionLoggerListener.log Command line argument: -Djava.util.logging.manager=org.apache.juli.ClassLoaderLogManager
17-Mar-2026 15:25:36.617 INFO [main] org.apache.catalina.startup.VersionLoggerListener.log Command line argument: -Djdk.tls.ephemeralDHKeySize=2048
17-Mar-2026 15:25:36.617 INFO [main] org.apache.catalina.startup.VersionLoggerListener.log Command line argument: -Djava.protocol.handler.pkgs=org.apache.catalina.webresources
17-Mar-2026 15:25:36.617 INFO [main] org.apache.catalina.startup.VersionLoggerListener.log Command line argument: -Dsun.io.useCanonCaches=false
17-Mar-2026 15:25:36.617 INFO [main] org.apache.catalina.startup.VersionLoggerListener.log Command line argument: -Dorg.apache.catalina.security.SecurityListener.UMASK=0027
17-Mar-2026 15:25:36.617 INFO [main] org.apache.catalina.startup.VersionLoggerListener.log Command line argument: -Dignore.endorsed.dirs=
17-Mar-2026 15:25:36.617 INFO [main] org.apache.catalina.startup.VersionLoggerListener.log Command line argument: -Dcatalina.base=/Users/erictran/Downloads/CS157A/CS157A-S1-14/apache-tomcat-9.0.115
17-Mar-2026 15:25:36.617 INFO [main] org.apache.catalina.startup.VersionLoggerListener.log Command line argument: -Dcatalina.home=/Users/erictran/Downloads/CS157A/CS157A-S1-14/apache-tomcat-9.0.115
17-Mar-2026 15:25:36.617 INFO [main] org.apache.catalina.startup.VersionLoggerListener.log Command line argument: -Djava.io.tmpdir=/Users/erictran/Downloads/CS157A/CS157A-S1-14/apache-tomcat-9.0.115/temp
17-Mar-2026 15:25:36.623 INFO [main] org.apache.catalina.core.AprLifecycleListener.lifecycleEvent The Apache Tomcat Native library which allows using OpenSSL was not found on the java.library.path: [/Users/erictran/Library/Java/Extensions:/Library/Java/Extensions:/Network/Library/Java/Extensions:/System/Library/Java/Extensions:/usr/lib/java:.]
17-Mar-2026 15:25:36.767 INFO [main] org.apache.coyote.AbstractProtocol.init Initializing ProtocolHandler ["http-nio-8080"]
17-Mar-2026 15:25:36.795 INFO [main] org.apache.catalina.startup.Catalina.load Server initialization in [308] milliseconds
17-Mar-2026 15:25:36.811 INFO [main] org.apache.catalina.core.StandardService.startInternal Starting service [Catalina]
17-Mar-2026 15:25:36.811 INFO [main] org.apache.catalina.core.StandardEngine.startInternal Starting Servlet engine: [Apache Tomcat/9.0.115]
17-Mar-2026 15:25:36.813 INFO [main] org.apache.catalina.startup.HostConfig.deployDirectory Deploying web application directory [/Users/erictran/Downloads/CS157A/CS157A-S1-14/apache-tomcat-9.0.115/webapps/docs]
17-Mar-2026 15:25:37.010 INFO [main] org.apache.jasper.servlet.TldScanner.scanJars At least one JAR was scanned for TLDs yet contained no TLDs. Enable debug logging for this logger for a complete list of JARs that were scanned but no TLDs were found in them. Skipping unneeded JARs during scanning can improve startup time and JSP compilation time.
17-Mar-2026 15:25:37.025 INFO [main] org.apache.catalina.startup.HostConfig.deployDirectory Deployment of web application directory [/Users/erictran/Downloads/CS157A/CS157A-S1-14/apache-tomcat-9.0.115/webapps/docs] has finished in [210] ms
17-Mar-2026 15:25:37.025 INFO [main] org.apache.catalina.startup.HostConfig.deployDirectory Deploying web application directory [/Users/erictran/Downloads/CS157A/CS157A-S1-14/apache-tomcat-9.0.115/webapps/TaskME]
17-Mar-2026 15:25:37.107 INFO [main] org.apache.jasper.servlet.TldScanner.scanJars At least one JAR was scanned for TLDs yet contained no TLDs. Enable debug logging for this logger for a complete list of JARs that were scanned but no TLDs were found in them. Skipping unneeded JARs during scanning can improve startup time and JSP compilation time.
17-Mar-2026 15:25:37.111 INFO [main] org.apache.catalina.startup.HostConfig.deployDirectory Deployment of web application directory [/Users/erictran/Downloads/CS157A/CS157A-S1-14/apache-tomcat-9.0.115/webapps/TaskME] has finished in [86] ms
17-Mar-2026 15:25:37.111 INFO [main] org.apache.catalina.startup.HostConfig.deployDirectory Deploying web application directory [/Users/erictran/Downloads/CS157A/CS157A-S1-14/apache-tomcat-9.0.115/webapps/manager]
17-Mar-2026 15:25:37.187 INFO [main] org.apache.jasper.servlet.TldScanner.scanJars At least one JAR was scanned for TLDs yet contained no TLDs. Enable debug logging for this logger for a complete list of JARs that were scanned but no TLDs were found in them. Skipping unneeded JARs during scanning can improve startup time and JSP compilation time.
17-Mar-2026 15:25:37.190 INFO [main] org.apache.catalina.startup.HostConfig.deployDirectory Deployment of web application directory [/Users/erictran/Downloads/CS157A/CS157A-S1-14/apache-tomcat-9.0.115/webapps/manager] has finished in [79] ms
17-Mar-2026 15:25:37.190 INFO [main] org.apache.catalina.startup.HostConfig.deployDirectory Deploying web application directory [/Users/erictran/Downloads/CS157A/CS157A-S1-14/apache-tomcat-9.0.115/webapps/examples]
17-Mar-2026 15:25:37.324 INFO [main] org.apache.jasper.servlet.TldScanner.scanJars At least one JAR was scanned for TLDs yet contained no TLDs. Enable debug logging for this logger for a complete list of JARs that were scanned but no TLDs were found in them. Skipping unneeded JARs during scanning can improve startup time and JSP compilation time.
17-Mar-2026 15:25:37.331 INFO [main] org.apache.catalina.startup.HostConfig.deployDirectory Deployment of web application directory [/Users/erictran/Downloads/CS157A/CS157A-S1-14/apache-tomcat-9.0.115/webapps/examples] has finished in [141] ms
17-Mar-2026 15:25:37.331 INFO [main] org.apache.catalina.startup.HostConfig.deployDirectory Deploying web application directory [/Users/erictran/Downloads/CS157A/CS157A-S1-14/apache-tomcat-9.0.115/webapps/ROOT]
17-Mar-2026 15:25:37.397 INFO [main] org.apache.jasper.servlet.TldScanner.scanJars At least one JAR was scanned for TLDs yet contained no TLDs. Enable debug logging for this logger for a complete list of JARs that were scanned but no TLDs were found in them. Skipping unneeded JARs during scanning can improve startup time and JSP compilation time.
17-Mar-2026 15:25:37.397 INFO [main] org.apache.catalina.startup.HostConfig.deployDirectory Deployment of web application directory [/Users/erictran/Downloads/CS157A/CS157A-S1-14/apache-tomcat-9.0.115/webapps/ROOT] has finished in [66] ms
17-Mar-2026 15:25:37.397 INFO [main] org.apache.catalina.startup.HostConfig.deployDirectory Deploying web application directory [/Users/erictran/Downloads/CS157A/CS157A-S1-14/apache-tomcat-9.0.115/webapps/host-manager]
17-Mar-2026 15:25:37.466 INFO [main] org.apache.jasper.servlet.TldScanner.scanJars At least one JAR was scanned for TLDs yet contained no TLDs. Enable debug logging for this logger for a complete list of JARs that were scanned but no TLDs were found in them. Skipping unneeded JARs during scanning can improve startup time and JSP compilation time.
17-Mar-2026 15:25:37.466 INFO [main] org.apache.catalina.startup.HostConfig.deployDirectory Deployment of web application directory [/Users/erictran/Downloads/CS157A/CS157A-S1-14/apache-tomcat-9.0.115/webapps/host-manager] has finished in [69] ms
17-Mar-2026 15:25:37.468 INFO [main] org.apache.coyote.AbstractProtocol.start Starting ProtocolHandler ["http-nio-8080"]
17-Mar-2026 15:25:37.473 INFO [main] org.apache.catalina.startup.Catalina.start Server startup in [677] milliseconds
